 
****************************************
Report : design
        -physical
Design : mmForMLP
Version: O-2018.06-SP5-3
Date   : Mon Jun  3 21:23:58 2024
****************************************

	Parasitic source    : LPE
	Parasitic mode      : RealRVirtualC
	Extraction mode     : MIN_MAX
	Extraction derating : -40/25/125
****************************** P&R Summary ********************************
Date : Mon Jun  3 21:23:58 2024
Machine Host Name: 2024-vlsi-22
Working Directory: /home/user001/vlsi/pro
Library Name:      mmForMLP.mwlib
Cell Name:         pro2power.CEL;1
Design Statistics:
    Number of Macro Cells:         4
    Number of Module Cells:        1042
    Number of Pins:                9175
    Number of IO Pins:             40
    Number of Nets:                1274
    Average Pins Per Net (Signal): 3.26358

Chip Utilization:
    Total Macro Cell Area:         57792.38
    Total Std Cell Area:           4125.42
    Total Blockage Area:           61326.72
    Core Size:     width 292.76, height 322.20; area 94327.27
    Chip Size:     width 300.00, height 330.00; area 99000.00
    Std cells utilization:         12.50% 
    Cell/Core Ratio:               65.64%
    Cell/Chip Ratio:               62.54%
    Number of Cell Rows:            179

Master Instantiation:
	MasterName	Type	InstCount
	=================================
	TAP01CR9	STD	1468
	XNOR2X05AR9	STD	137
	FAX05AR9	STD	89
	OAI22X05AR9	STD	62
	INVX05AR9	STD	56
	NOR2X1AR9	STD	50
	OAI22X2AR9	STD	44
	NAND2X05AR9	STD	41
	DFFRBQX05AR9	STD	35
	OAI22X1AR9	STD	35
	FAX1AR9		STD	33
	AO22X05AR9	STD	24
	NOR2X05AR9	STD	17
	OAI22X3AR9	STD	17
	CLKINVX1AR9	STD	16
	DFFRBQX2AR9	STD	14
	CLKAND2X2AR9	STD	13
	FAX2AR9		STD	13
	OAI22B2X05AR9	STD	11
	NAND2X2AR9	STD	11
	AOI122X05AR9	STD	10
	NAND2X1AR9	STD	10
	CLKXNOR2X1AR9	STD	10
	MUX2X3AR9	STD	10
	CLKXNOR2X2AR9	STD	9
	CLKINVX2AR9	STD	9
	XOR2X05AR9	STD	8
	MUX2X05AR9	STD	8
	OAI12X2IAR9	STD	8
	HAX05AR9	STD	7
	OR2B1X05AR9	STD	7
	NAND2X1IAR9	STD	7
	NOR3X1AR9	STD	7
	AOI12X05AR9	STD	6
	MUX2X1AR9	STD	6
	DFFRBQX1AR9	STD	6
	AND2B1X2AR9	STD	6
	XOR3X05AR9	STD	6
	CLKINVX3AR9	STD	6
	CLKNAND2X3AR9	STD	6
	OA12X05AR9	STD	5
	AOI22B2X05AR9	STD	5
	AOI22X05AR9	STD	5
	CLKNAND2X2AR9	STD	5
	OR2X05AR9	STD	5
	MUX2X2AR9	STD	5
	NAND2X4AR9	STD	5
	CLKINVX12AR9	STD	5
	CLKNAND2X8AR9	STD	5
	AND2B1X1AR9	STD	4
	CLKMUX2X1AR9	STD	4
	NAND2X2OAR9	STD	4
	CLKMUX2X2AR9	STD	4
	CLKINVX4AR9	STD	4
	CLKINVX6AR9	STD	4
	AND2X05AR9	STD	3
	AO12X05AR9	STD	3
	CLKMUX2X3AR9	STD	3
	NAND2X3AR9	STD	3
	AND2B1X3AR9	STD	3
	AO12X2AR9	STD	3
	AOI122X3AR9	STD	3
	CLKINVX8AR9	STD	3
	NOR4X1AR9	STD	2
	NAND3X05AR9	STD	2
	OAI13X05AR9	STD	2
	NAND4X05AR9	STD	2
	AOI13X05AR9	STD	2
	INVX1AR9	STD	2
	OAI12X1IAR9	STD	2
	CLKXNOR2X3AR9	STD	2
	NOR4X2AR9	STD	2
	OR2X1AR9	STD	2
	NAND3X1AR9	STD	2
	NAND2X6AR9	STD	2
	CLKAND2X6AR9	STD	2
	AOI22X1AR9	STD	2
	OAI12X2AR9	STD	2
	CLKINVX16AR9	STD	2
	MUX2X4AR9	STD	2
	CLKXNOR2X4AR9	STD	2
	CLKNAND2X4AR9	STD	2
	AO12X1AR9	STD	2
	AND2B1X05AR9	STD	1
	OAI12X05AR9	STD	1
	AOI112X05AR9	STD	1
	OAI112X05AR9	STD	1
	CLKNAND2X1AR9	STD	1
	NOR2X2OAR9	STD	1
	DFFRBQX4J1AR9	STD	1
	DFFRBQBX3AR9	STD	1
	AO122X05AR9	STD	1
	NAND2X1OAR9	STD	1
	OAI22B2X1AR9	STD	1
	AO13X2AR9	STD	1
	NAND4X1AR9	STD	1
	HAX1AR9		STD	1
	INVX3AR9	STD	1
	DFFRBQX3AR9	STD	1
	NAND2X4IAR9	STD	1
	OAI13X4IAR9	STD	1
	NOR2X4AR9	STD	1
	AOI12X1IAR9	STD	1
	AOI122X2AR9	STD	1
	CLKAND2X3AR9	STD	1
	CLKNAND2X6AR9	STD	1
	AND3B2X3AR9	STD	1
	NAND3X2AR9	STD	1
	CLKAND2X4AR9	STD	1
	CLKNOR2X1AR9	STD	1
	NOR4B1X1AR9	STD	1
	NAND2B1X1AR9	STD	1
	NAND2X2IAR9	STD	1
	FAX3AR9		STD	1
	XOR2X1AR9	STD	1
	NAND2X4OAR9	STD	1
	XNOR2X1AR9	STD	1
	OAI12X4IAR9	STD	1
	NAND3X3AR9	STD	1
	NAND4X2AR9	STD	1
	OA12X1AR9	STD	1
	AOI122X1AR9	STD	1
	mem55lpw1024d16sp	MACRO	2
	mem55lpw256d16sp	MACRO	2
	=================================

Timing/Optimization Information:

Global Routing Information:

Track Assignment Information:

Detailed Routing Information:

DRC information: 
      Total error number: 0

Ring Wiring Statistics:

Stripe Wiring Statistics:
    metal2 Wire Length(count):               1636.80(2046)
    metal4 Wire Length(count):              13022.27(111)
    metal5 Wire Length(count):              18048.65(213)
  ==============================================
    Total Wire Length(count):               32707.72(2370)
    Number of via1 Contacts:           2046
    Number of via2 Contacts:           2046
    Number of via3 Contacts:           2054
    Number of via4 Contacts:           2977
  ==============================================
    Total Number of Contacts:     9123

User Wiring Statistics:

PG follow-pin Wiring Statistics:
    metal1 Wire Length(count):              20072.64(452)
    metal5 Wire Length(count):               1864.77(528)
  ==============================================
    Total Wire Length(count):               21937.41(980)
    Number of via1 Contacts:            524
    Number of via2 Contacts:            524
    Number of via3 Contacts:            526
    Number of via4 Contacts:           1044
  ==============================================
    Total Number of Contacts:     2618

Signal Wiring Statistics:
      Mask Name      Contact Code    Number Of Contacts    Percentage

  Horizontal/Vertical Wire Distribution:
    Layer      Hor. Wire (% of Hor.)     Ver. Wire (% of Ver.)
  ==============================================================
    Total              0.00                      0.00
1
