Warning: The following synthetic libraries should be added to 
	the list of link libraries: 
	'dw_foundation.sldb'. (UISN-26)

  Loading design 'mmForMLP'




Information: The design has 1468 physical cells. (PSYN-105)
Information: Library Manufacturing Grid(GridResolution) : 5
Information: Time Unit from Milkyway design library: 'ns' 
Information: Design Library and main library timing units are matched - 1.000 ns. 
Information: Resistance Unit from Milkyway design library: 'ohm' 
Warning: Mismatch in the main library and the Milkyway library resistance units. In the main library it is 1.000 kohm and in the Milkyway design library it is 0.001 kohm. Check and correct the resistance units in the .tf and .db files. (PSYN-476)
Information: Capacitance Unit from Milkyway design library: 'pf' 
Information: Design Library and main library capacitance units are matched - 1.000 pf. 
Information: Layer M1 is ignored for resistance and capacitance computation. (RCEX-019)
Information: Layer M6 is ignored for resistance and capacitance computation. (RCEX-019)
Information: Layer T4M2 is ignored for resistance and capacitance computation. (RCEX-019)
Information: Layer RDL is ignored for resistance and capacitance computation. (RCEX-019)
Information: Found HALF_NODE_SCALE_FACTOR 0.900000 in TLUPlus files. (TLUP-016)
Information: Using the HALF_NODE_SCALE_FACTOR in TLUPlus for process scale. (RCEX-086)
Information: The process parameters are scaled by 0.9 0.9. (RCEX-050)
Information: The distance unit in Capacitance and Resistance is 1 micron. (RCEX-007)
Information: The RC model used is detail route TLU+. (RCEX-015)
Information: Start mixed mode parasitic extraction. (RCEX-023)
Information: Start rc extraction...
Memory usage for extraction task 288 Mbytes -- main task 976 Mbytes.
Warning: Net 'SNPS_LOGIC0' is not fully connected and will be estimated. (RCEX-060)
Warning: Net 'SNPS_LOGIC1' is not fully connected and will be estimated. (RCEX-060)
Information: Parasitic source is LPE. (RCEX-040)
Information: Parasitic mode is RealRC. (RCEX-041)
Information: Using virtual shield extraction. (RCEX-081)
Information: Extraction mode is MIN_MAX. (RCEX-042)
Information: Extraction derate is -40/25/125. (RCEX-043)
Information: Coupling capacitances are lumped to ground. (RCEX-044)
Information: Start back annotation for parasitic extraction. (RCEX-023)
Information: End back annotation for parasitic extraction. (RCEX-023)
Information: Start timing update for parasitic extraction. (RCEX-023)
Information: End timing update for parasitic extraction. (RCEX-023)
Information: End parasitic extraction. (RCEX-023)
Information: Start rc update...
Information: Found HALF_NODE_SCALE_FACTOR 0.900000 in TLUPlus files. (TLUP-016)
Information: Using the HALF_NODE_SCALE_FACTOR in TLUPlus for process scale. (RCEX-086)
Information: The process parameters are scaled by 0.9 0.9. (RCEX-050)
****************************************************************
Information: TLUPlus based RC computation is enabled. (RCEX-141)
****************************************************************
Information: The distance unit in Capacitance and Resistance is 1 micron. (RCEX-007)
Information: The RC model used is TLU+. (RCEX-015)
Information: Library Derived Cap for layer M1 : 0.0002 0.00023 (RCEX-011)
Information: Library Derived Res for layer M1 : 0.0036 0.0015 (RCEX-011)
Information: Library Derived Cap for layer M2 : 0.00021 0.00022 (RCEX-011)
Information: Library Derived Res for layer M2 : 0.0019 0.00079 (RCEX-011)
Information: Library Derived Cap for layer M3 : 0.00022 0.00025 (RCEX-011)
Information: Library Derived Res for layer M3 : 0.0026 0.0011 (RCEX-011)
Information: Library Derived Cap for layer M4 : 0.00022 0.00025 (RCEX-011)
Information: Library Derived Res for layer M4 : 0.0026 0.0011 (RCEX-011)
Information: Library Derived Cap for layer M5 : 0.00022 0.00025 (RCEX-011)
Information: Library Derived Res for layer M5 : 0.0026 0.0011 (RCEX-011)
Information: Library Derived Cap for layer M6 : 0.00021 0.00025 (RCEX-011)
Information: Library Derived Res for layer M6 : 0.0026 0.0011 (RCEX-011)
Information: Library Derived Cap for layer T4M2 : 0.00034 0.00036 (RCEX-011)
Information: Library Derived Res for layer T4M2 : 0.0001 2.7e-05 (RCEX-011)
Information: Library Derived Cap for layer RDL : 0.00028 0.00031 (RCEX-011)
Information: Library Derived Res for layer RDL : 1.8e-05 2.6e-06 (RCEX-011)
Information: Library Derived Horizontal Cap : 0.00022 0.00025 (RCEX-011)
Information: Library Derived Horizontal Res : 0.0026 0.0011 (RCEX-011)
Information: Library Derived Vertical Cap : 0.00021 0.00023 (RCEX-011)
Information: Library Derived Vertical Res : 0.0022 0.00093 (RCEX-011)
Information: Using derived R and C coefficients. (RCEX-008)
Information: Using region-based R and C coefficients. (RCEX-013)
Information: Library Derived Via Res : 0.007 0.001 (RCEX-011)
Information: Found HALF_NODE_SCALE_FACTOR 0.900000 in TLUPlus files. (TLUP-016)
Information: Using the HALF_NODE_SCALE_FACTOR in TLUPlus for process scale. (RCEX-086)
Information: The process parameters are scaled by 0.9 0.9. (RCEX-050)
Information: End rc update.
Information: Updating graph... (UID-83)
Information: Updating design information... (UID-85)
 
****************************************
Report : timing
        -path full
        -delay max
        -nworst 2
        -input_pins
        -nets
        -max_paths 2
        -transition_time
        -capacitance
Design : mmForMLP
Version: O-2018.06-SP5-3
Date   : Mon Jun  3 23:37:02 2024
****************************************

 * Some/all delay information is back-annotated.

Operating Conditions: 125CSS1P08   Library: M31GPSC900HL055PR_125CSS1P08_cworst_ccs
	Parasitic source    : LPE
	Parasitic mode      : RealRC
	Extraction mode     : MIN_MAX
	Extraction derating : -40/25/125

Information: Percent of Arnoldi-based delays = 18.25%

Information: Percent of CCS-based delays = 17.10%

  Startpoint: load_payload[15]
              (input port clocked by Int_clk)
  Endpoint: memForAorB_0/ram1rw_4/ram
            (rising edge-triggered flip-flop clocked by Int_clk)
  Path Group: INPUTS
  Path Type: max

  Point                                       Fanout       Cap     Trans      Incr       Path
  ----------------------------------------------------------------------------------------------
  clock Int_clk (rise edge)                                                   0.00       0.00
  clock network delay (ideal)                                                 0.55       0.55
  input external delay                                                        1.45       2.00 r
  load_payload[15] (in)                                             0.00      0.00 @     2.00 r
  load_payload[15] (net)                        1         0.01                0.00       2.00 r
  U2139/I (CLKBUFX3AR9)                                             0.00      0.00 @     2.00 r
  U2139/O (CLKBUFX3AR9)                                             0.20      0.15 c     2.15 r
  n2062 (net)                                   3         0.04                0.00       2.15 r
  U1346/I (INVX05AR9)                                               0.20      0.01 c     2.16 r
  U1346/O (INVX05AR9)                                               0.09      0.10       2.25 f
  n1169 (net)                                   1         0.00                0.00       2.25 f
  U825/B1 (OAI22X3AR9)                                              0.09      0.00 &     2.25 f
  U825/O (OAI22X3AR9)                                               0.24      0.16       2.41 r
  memForAorB_0_D[15] (net)                      1         0.02                0.00       2.41 r
  memForAorB_0/ram1rw_4/ram/D[15] (mem55lpw256d16sp)                0.24      0.00 &     2.41 r
  data arrival time                                                                      2.41

  clock Int_clk (rise edge)                                                   4.82       4.82
  clock network delay (ideal)                                                 0.55       5.37
  clock uncertainty                                                          -0.25       5.12
  memForAorB_0/ram1rw_4/ram/CLK (mem55lpw256d16sp)                            0.00       5.12 r
  library setup time                                                         -0.52       4.60
  data required time                                                                     4.60
  ----------------------------------------------------------------------------------------------
  data required time                                                                     4.60
  data arrival time                                                                     -2.41
  ----------------------------------------------------------------------------------------------
  slack (MET)                                                                            2.19


  Startpoint: load_payload[15]
              (input port clocked by Int_clk)
  Endpoint: memForAorB_0/ram1rw_4/ram
            (rising edge-triggered flip-flop clocked by Int_clk)
  Path Group: INPUTS
  Path Type: max

  Point                                       Fanout       Cap     Trans      Incr       Path
  ----------------------------------------------------------------------------------------------
  clock Int_clk (rise edge)                                                   0.00       0.00
  clock network delay (ideal)                                                 0.55       0.55
  input external delay                                                        1.45       2.00 r
  load_payload[15] (in)                                             0.00      0.00 @     2.00 r
  load_payload[15] (net)                        1         0.01                0.00       2.00 r
  U2139/I (CLKBUFX3AR9)                                             0.00      0.00 @     2.00 r
  U2139/O (CLKBUFX3AR9)                                             0.20      0.15 c     2.15 r
  n2062 (net)                                   3         0.04                0.00       2.15 r
  U1346/I (INVX05AR9)                                               0.20      0.01 c     2.16 r
  U1346/O (INVX05AR9)                                               0.09      0.10       2.25 f
  n1169 (net)                                   1         0.00                0.00       2.25 f
  U825/B1 (OAI22X3AR9)                                              0.09      0.00 &     2.25 f
  U825/O (OAI22X3AR9)                                               0.24      0.16       2.41 r
  memForAorB_0_D[15] (net)                      1         0.02                0.00       2.41 r
  memForAorB_0/ram1rw_4/ram/D[15] (mem55lpw256d16sp)                0.24      0.00 &     2.41 r
  data arrival time                                                                      2.41

  clock Int_clk (rise edge)                                                   4.82       4.82
  clock network delay (ideal)                                                 0.55       5.37
  clock uncertainty                                                          -0.25       5.12
  memForAorB_0/ram1rw_4/ram/CLK (mem55lpw256d16sp)                            0.00       5.12 r
  library setup time                                                         -0.52       4.60
  data required time                                                                     4.60
  ----------------------------------------------------------------------------------------------
  data required time                                                                     4.60
  data arrival time                                                                     -2.41
  ----------------------------------------------------------------------------------------------
  slack (MET)                                                                            2.19


  Startpoint: memForWeight_1/ram1rw_4/ram
              (rising edge-triggered flip-flop clocked by Int_clk)
  Endpoint: partialSum_reg[34]
            (rising edge-triggered flip-flop clocked by Int_clk)
  Path Group: MEM2REG
  Path Type: max

  Point                                       Fanout       Cap     Trans      Incr       Path
  ----------------------------------------------------------------------------------------------
  clock Int_clk (rise edge)                                                   0.00       0.00
  clock network delay (ideal)                                                 0.55       0.55
  memForWeight_1/ram1rw_4/ram/CLK (mem55lpw1024d16sp)               0.08      0.00       0.55 r
  memForWeight_1/ram1rw_4/ram/Q[6] (mem55lpw1024d16sp)              0.08      1.66       2.21 f
  memForWeight_1_Q[6] (net)                     1         0.01                0.00       2.21 f
  U2044/I1 (NAND2X4AR9)                                             0.08      0.00 &     2.22 f
  U2044/O (NAND2X4AR9)                                              0.09      0.06       2.28 r
  n1982 (net)                                   1         0.01                0.00       2.28 r
  U2045/I2 (CLKNAND2X8AR9)                                          0.09      0.00 &     2.28 r
  U2045/O (CLKNAND2X8AR9)                                           0.10      0.09 c     2.36 f
  n653 (net)                                    8         0.04                0.00       2.36 f
  U473/I2 (CLKXNOR2X1AR9)                                           0.10      0.01 c     2.37 f
  U473/O (CLKXNOR2X1AR9)                                            0.13      0.22       2.59 f
  n670 (net)                                    2         0.01                0.00       2.59 f
  U1120/B1 (OAI22X2AR9)                                             0.13      0.00 &     2.59 f
  U1120/O (OAI22X2AR9)                                              0.18      0.14       2.73 r
  n682 (net)                                    1         0.01                0.00       2.73 r
  U835/I (BUFX4AR9)                                                 0.18      0.00 &     2.73 r
  U835/O (BUFX4AR9)                                                 0.11      0.13 c     2.87 r
  n2181 (net)                                   5         0.03                0.00       2.87 r
  U61/I (INVX05AR9)                                                 0.11      0.01 c     2.87 r
  U61/O (INVX05AR9)                                                 0.06      0.07       2.94 f
  n25 (net)                                     2         0.00                0.00       2.94 f
  U57/I1 (NAND3X05AR9)                                              0.06      0.00 &     2.94 f
  U57/O (NAND3X05AR9)                                               0.09      0.07       3.01 r
  n29 (net)                                     1         0.00                0.00       3.01 r
  U60/I2 (NAND4X2AR9)                                               0.09      0.00 &     3.01 r
  U60/O (NAND4X2AR9)                                                0.13      0.12       3.13 f
  n668 (net)                                    1         0.01                0.00       3.13 f
  U1126/CI (FAX1AR9)                                                0.13      0.00 &     3.13 f
  U1126/CO (FAX1AR9)                                                0.08      0.23       3.36 f
  n721 (net)                                    1         0.00                0.00       3.36 f
  U1142/CI (FAX1AR9)                                                0.08      0.00 &     3.36 f
  U1142/S (FAX1AR9)                                                 0.14      0.31       3.68 r
  n724 (net)                                    5         0.01                0.00       3.68 r
  U331/I (INVX05AR9)                                                0.14      0.00 &     3.68 r
  U331/O (INVX05AR9)                                                0.08      0.09       3.76 f
  n1294 (net)                                   2         0.00                0.00       3.76 f
  U323/I2 (NAND3X1AR9)                                              0.08      0.00 &     3.76 f
  U323/O (NAND3X1AR9)                                               0.08      0.08       3.84 r
  n1298 (net)                                   1         0.00                0.00       3.84 r
  U325/I3 (NAND4X3AR9)                                              0.08      0.00 &     3.84 r
  U325/O (NAND4X3AR9)                                               0.12      0.12       3.96 f
  n694 (net)                                    2         0.01                0.00       3.96 f
  U1137/I1 (NOR2X2OAR9)                                             0.12      0.00 &     3.96 f
  U1137/O (NOR2X2OAR9)                                              0.17      0.14       4.10 r
  n1037 (net)                                   3         0.02                0.00       4.10 r
  U408/B2 (OAI12X4IAR9)                                             0.17      0.00 &     4.10 r
  U408/O (OAI12X4IAR9)                                              0.10      0.11       4.21 f
  n823 (net)                                    2         0.02                0.00       4.21 f
  U1774/I2 (AND2X1AR9)                                              0.10      0.00 &     4.21 f
  U1774/O (AND2X1AR9)                                               0.04      0.10       4.31 f
  n1721 (net)                                   1         0.00                0.00       4.31 f
  U1775/I1 (CLKNOR2X2AR9)                                           0.04      0.00 &     4.31 f
  U1775/O (CLKNOR2X2AR9)                                            0.06      0.05       4.37 r
  n1119 (net)                                   2         0.01                0.00       4.37 r
  U392/B1 (OAI12X2AR9)                                              0.06      0.00 &     4.37 r
  U392/O (OAI12X2AR9)                                               0.08      0.06       4.43 f
  n834 (net)                                    1         0.00                0.00       4.43 f
  U672/I2 (NOR2X4AR9)                                               0.08      0.00 &     4.43 f
  U672/O (NOR2X4AR9)                                                0.10      0.10       4.53 r
  n1055 (net)                                   2         0.01                0.00       4.53 r
  U387/B1 (OAI12X4IAR9)                                             0.10      0.00 &     4.53 r
  U387/O (OAI12X4IAR9)                                              0.09      0.06       4.59 f
  n1075 (net)                                   2         0.01                0.00       4.59 f
  U1179/B1 (AOI12X2IAR9)                                            0.09      0.00 &     4.59 f
  U1179/O (AOI12X2IAR9)                                             0.11      0.09       4.67 r
  n1114 (net)                                   2         0.01                0.00       4.67 r
  U468/B1 (OAI12X4IAR9)                                             0.11      0.00 &     4.67 r
  U468/O (OAI12X4IAR9)                                              0.08      0.06       4.73 f
  n1108 (net)                                   2         0.00                0.00       4.73 f
  U797/I1 (CLKXNOR2X1AR9)                                           0.08      0.00 &     4.73 f
  U797/O (CLKXNOR2X1AR9)                                            0.05      0.16       4.89 r
  n1110 (net)                                   1         0.00                0.00       4.89 r
  U344/B1B (OAI22B2X05AR9)                                          0.05      0.00 &     4.89 r
  U344/O (OAI22B2X05AR9)                                            0.13      0.11       5.00 r
  n176 (net)                                    1         0.00                0.00       5.00 r
  partialSum_reg[34]/D (DFFRBQX05AR9)                               0.13      0.00 &     5.00 r
  data arrival time                                                                      5.00

  clock Int_clk (rise edge)                                                   4.82       4.82
  clock network delay (ideal)                                                 0.55       5.37
  clock uncertainty                                                          -0.25       5.12
  partialSum_reg[34]/CK (DFFRBQX05AR9)                                        0.00       5.12 r
  library setup time                                                         -0.09       5.03
  data required time                                                                     5.03
  ----------------------------------------------------------------------------------------------
  data required time                                                                     5.03
  data arrival time                                                                     -5.00
  ----------------------------------------------------------------------------------------------
  slack (MET)                                                                            0.03


  Startpoint: memForWeight_1/ram1rw_4/ram
              (rising edge-triggered flip-flop clocked by Int_clk)
  Endpoint: partialSum_reg[34]
            (rising edge-triggered flip-flop clocked by Int_clk)
  Path Group: MEM2REG
  Path Type: max

  Point                                       Fanout       Cap     Trans      Incr       Path
  ----------------------------------------------------------------------------------------------
  clock Int_clk (rise edge)                                                   0.00       0.00
  clock network delay (ideal)                                                 0.55       0.55
  memForWeight_1/ram1rw_4/ram/CLK (mem55lpw1024d16sp)               0.08      0.00       0.55 r
  memForWeight_1/ram1rw_4/ram/Q[6] (mem55lpw1024d16sp)              0.08      1.66       2.21 f
  memForWeight_1_Q[6] (net)                     1         0.01                0.00       2.21 f
  U2044/I1 (NAND2X4AR9)                                             0.08      0.00 &     2.22 f
  U2044/O (NAND2X4AR9)                                              0.09      0.06       2.28 r
  n1982 (net)                                   1         0.01                0.00       2.28 r
  U2045/I2 (CLKNAND2X8AR9)                                          0.09      0.00 &     2.28 r
  U2045/O (CLKNAND2X8AR9)                                           0.10      0.09 c     2.36 f
  n653 (net)                                    8         0.04                0.00       2.36 f
  U473/I2 (CLKXNOR2X1AR9)                                           0.10      0.01 c     2.37 f
  U473/O (CLKXNOR2X1AR9)                                            0.13      0.22       2.59 f
  n670 (net)                                    2         0.01                0.00       2.59 f
  U1120/B1 (OAI22X2AR9)                                             0.13      0.00 &     2.59 f
  U1120/O (OAI22X2AR9)                                              0.18      0.14       2.73 r
  n682 (net)                                    1         0.01                0.00       2.73 r
  U835/I (BUFX4AR9)                                                 0.18      0.00 &     2.73 r
  U835/O (BUFX4AR9)                                                 0.11      0.13 c     2.87 r
  n2181 (net)                                   5         0.03                0.00       2.87 r
  U61/I (INVX05AR9)                                                 0.11      0.01 c     2.87 r
  U61/O (INVX05AR9)                                                 0.06      0.07       2.94 f
  n25 (net)                                     2         0.00                0.00       2.94 f
  U57/I1 (NAND3X05AR9)                                              0.06      0.00 &     2.94 f
  U57/O (NAND3X05AR9)                                               0.09      0.07       3.01 r
  n29 (net)                                     1         0.00                0.00       3.01 r
  U60/I2 (NAND4X2AR9)                                               0.09      0.00 &     3.01 r
  U60/O (NAND4X2AR9)                                                0.13      0.12       3.13 f
  n668 (net)                                    1         0.01                0.00       3.13 f
  U1126/CI (FAX1AR9)                                                0.13      0.00 &     3.13 f
  U1126/CO (FAX1AR9)                                                0.08      0.23       3.36 f
  n721 (net)                                    1         0.00                0.00       3.36 f
  U1142/CI (FAX1AR9)                                                0.08      0.00 &     3.36 f
  U1142/S (FAX1AR9)                                                 0.14      0.31       3.68 r
  n724 (net)                                    5         0.01                0.00       3.68 r
  U331/I (INVX05AR9)                                                0.14      0.00 &     3.68 r
  U331/O (INVX05AR9)                                                0.08      0.09       3.76 f
  n1294 (net)                                   2         0.00                0.00       3.76 f
  U323/I2 (NAND3X1AR9)                                              0.08      0.00 &     3.76 f
  U323/O (NAND3X1AR9)                                               0.08      0.08       3.84 r
  n1298 (net)                                   1         0.00                0.00       3.84 r
  U325/I3 (NAND4X3AR9)                                              0.08      0.00 &     3.84 r
  U325/O (NAND4X3AR9)                                               0.12      0.12       3.96 f
  n694 (net)                                    2         0.01                0.00       3.96 f
  U1137/I1 (NOR2X2OAR9)                                             0.12      0.00 &     3.96 f
  U1137/O (NOR2X2OAR9)                                              0.17      0.14       4.10 r
  n1037 (net)                                   3         0.02                0.00       4.10 r
  U408/B2 (OAI12X4IAR9)                                             0.17      0.00 &     4.10 r
  U408/O (OAI12X4IAR9)                                              0.10      0.11       4.21 f
  n823 (net)                                    2         0.02                0.00       4.21 f
  U1774/I2 (AND2X1AR9)                                              0.10      0.00 &     4.21 f
  U1774/O (AND2X1AR9)                                               0.04      0.10       4.31 f
  n1721 (net)                                   1         0.00                0.00       4.31 f
  U1775/I1 (CLKNOR2X2AR9)                                           0.04      0.00 &     4.31 f
  U1775/O (CLKNOR2X2AR9)                                            0.06      0.05       4.37 r
  n1119 (net)                                   2         0.01                0.00       4.37 r
  U392/B1 (OAI12X2AR9)                                              0.06      0.00 &     4.37 r
  U392/O (OAI12X2AR9)                                               0.08      0.06       4.43 f
  n834 (net)                                    1         0.00                0.00       4.43 f
  U672/I2 (NOR2X4AR9)                                               0.08      0.00 &     4.43 f
  U672/O (NOR2X4AR9)                                                0.10      0.10       4.53 r
  n1055 (net)                                   2         0.01                0.00       4.53 r
  U387/B1 (OAI12X4IAR9)                                             0.10      0.00 &     4.53 r
  U387/O (OAI12X4IAR9)                                              0.09      0.06       4.59 f
  n1075 (net)                                   2         0.01                0.00       4.59 f
  U1179/B1 (AOI12X2IAR9)                                            0.09      0.00 &     4.59 f
  U1179/O (AOI12X2IAR9)                                             0.11      0.09       4.67 r
  n1114 (net)                                   2         0.01                0.00       4.67 r
  U468/B1 (OAI12X4IAR9)                                             0.11      0.00 &     4.67 r
  U468/O (OAI12X4IAR9)                                              0.08      0.06       4.73 f
  n1108 (net)                                   2         0.00                0.00       4.73 f
  U797/I1 (CLKXNOR2X1AR9)                                           0.08      0.00 &     4.73 f
  U797/O (CLKXNOR2X1AR9)                                            0.05      0.16       4.89 r
  n1110 (net)                                   1         0.00                0.00       4.89 r
  U344/B1B (OAI22B2X05AR9)                                          0.05      0.00 &     4.89 r
  U344/O (OAI22B2X05AR9)                                            0.13      0.11       5.00 r
  n176 (net)                                    1         0.00                0.00       5.00 r
  partialSum_reg[34]/D (DFFRBQX05AR9)                               0.13      0.00 &     5.00 r
  data arrival time                                                                      5.00

  clock Int_clk (rise edge)                                                   4.82       4.82
  clock network delay (ideal)                                                 0.55       5.37
  clock uncertainty                                                          -0.25       5.12
  partialSum_reg[34]/CK (DFFRBQX05AR9)                                        0.00       5.12 r
  library setup time                                                         -0.09       5.03
  data required time                                                                     5.03
  ----------------------------------------------------------------------------------------------
  data required time                                                                     5.03
  data arrival time                                                                     -5.00
  ----------------------------------------------------------------------------------------------
  slack (MET)                                                                            0.03


  Startpoint: fsm_cntGP_value_reg[0]
              (rising edge-triggered flip-flop clocked by Int_clk)
  Endpoint: load_ready (output port clocked by Int_clk)
  Path Group: OUTPUTS
  Path Type: max

  Point                                       Fanout       Cap     Trans      Incr       Path
  ----------------------------------------------------------------------------------------------
  clock Int_clk (rise edge)                                                   0.00       0.00
  clock network delay (ideal)                                                 0.55       0.55
  fsm_cntGP_value_reg[0]/CK (DFFRBQX05AR9)                          0.08      0.00       0.55 r
  fsm_cntGP_value_reg[0]/Q (DFFRBQX05AR9)                           0.16      0.29       0.84 r
  fsm_adrForInput[0] (net)                      3         0.01                0.00       0.84 r
  U752/I4 (NAND4X1AR9)                                              0.16      0.00 &     0.84 r
  U752/O (NAND4X1AR9)                                               0.15      0.15       0.99 f
  n902 (net)                                    1         0.00                0.00       0.99 f
  U751/I3 (NOR3X1AR9)                                               0.15      0.00 &     0.99 f
  U751/O (NOR3X1AR9)                                                0.27      0.22       1.21 r
  n903 (net)                                    2         0.01                0.00       1.21 r
  U2228/I3 (NAND3X1AR9)                                             0.27      0.00 &     1.21 r
  U2228/O (NAND3X1AR9)                                              0.24      0.22       1.43 f
  n2209 (net)                                   3         0.01                0.00       1.43 f
  U723/I1 (NOR2X1AR9)                                               0.24      0.00 &     1.43 f
  U723/O (NOR2X1AR9)                                                0.22      0.20       1.63 r
  n1101 (net)                                   2         0.01                0.00       1.63 r
  U434/I1 (NAND2X05AR9)                                             0.22      0.00 &     1.63 r
  U434/O (NAND2X05AR9)                                              0.23      0.21       1.84 f
  n908 (net)                                    2         0.01                0.00       1.84 f
  U1212/I1 (CLKAND2X3AR9)                                           0.23      0.00 &     1.84 f
  U1212/O (CLKAND2X3AR9)                                            0.20      0.26 c     2.10 f
  load_ready (net)                              2         0.05                0.00       2.10 f
  load_ready (out)                                                  0.20      0.01 c     2.11 f
  data arrival time                                                                      2.11

  clock Int_clk (rise edge)                                                   4.82       4.82
  clock network delay (ideal)                                                 0.55       5.37
  clock uncertainty                                                          -0.25       5.12
  output external delay                                                      -2.89       2.23
  data required time                                                                     2.23
  ----------------------------------------------------------------------------------------------
  data required time                                                                     2.23
  data arrival time                                                                     -2.11
  ----------------------------------------------------------------------------------------------
  slack (MET)                                                                            0.12


  Startpoint: fsm_cntGP_value_reg[3]
              (rising edge-triggered flip-flop clocked by Int_clk)
  Endpoint: load_ready (output port clocked by Int_clk)
  Path Group: OUTPUTS
  Path Type: max

  Point                                       Fanout       Cap     Trans      Incr       Path
  ----------------------------------------------------------------------------------------------
  clock Int_clk (rise edge)                                                   0.00       0.00
  clock network delay (ideal)                                                 0.55       0.55
  fsm_cntGP_value_reg[3]/CK (DFFRBQX05AR9)                          0.08      0.00       0.55 r
  fsm_cntGP_value_reg[3]/Q (DFFRBQX05AR9)                           0.17      0.30       0.85 r
  fsm_adrForInput[3] (net)                      5         0.01                0.00       0.85 r
  U752/I1 (NAND4X1AR9)                                              0.17      0.00 &     0.85 r
  U752/O (NAND4X1AR9)                                               0.15      0.14       0.98 f
  n902 (net)                                    1         0.00                0.00       0.98 f
  U751/I3 (NOR3X1AR9)                                               0.15      0.00 &     0.98 f
  U751/O (NOR3X1AR9)                                                0.27      0.22       1.20 r
  n903 (net)                                    2         0.01                0.00       1.20 r
  U2228/I3 (NAND3X1AR9)                                             0.27      0.00 &     1.20 r
  U2228/O (NAND3X1AR9)                                              0.24      0.22       1.42 f
  n2209 (net)                                   3         0.01                0.00       1.42 f
  U723/I1 (NOR2X1AR9)                                               0.24      0.00 &     1.42 f
  U723/O (NOR2X1AR9)                                                0.22      0.20       1.62 r
  n1101 (net)                                   2         0.01                0.00       1.62 r
  U434/I1 (NAND2X05AR9)                                             0.22      0.00 &     1.62 r
  U434/O (NAND2X05AR9)                                              0.23      0.21       1.83 f
  n908 (net)                                    2         0.01                0.00       1.83 f
  U1212/I1 (CLKAND2X3AR9)                                           0.23      0.00 &     1.83 f
  U1212/O (CLKAND2X3AR9)                                            0.20      0.26 c     2.09 f
  load_ready (net)                              2         0.05                0.00       2.09 f
  load_ready (out)                                                  0.20      0.01 c     2.10 f
  data arrival time                                                                      2.10

  clock Int_clk (rise edge)                                                   4.82       4.82
  clock network delay (ideal)                                                 0.55       5.37
  clock uncertainty                                                          -0.25       5.12
  output external delay                                                      -2.89       2.23
  data required time                                                                     2.23
  ----------------------------------------------------------------------------------------------
  data required time                                                                     2.23
  data arrival time                                                                     -2.10
  ----------------------------------------------------------------------------------------------
  slack (MET)                                                                            0.13


  Startpoint: partialSum_reg[8]
              (rising edge-triggered flip-flop clocked by Int_clk)
  Endpoint: memForAorB_1/ram1rw_4/ram
            (rising edge-triggered flip-flop clocked by Int_clk)
  Path Group: REG2MEM
  Path Type: max

  Point                                       Fanout       Cap     Trans      Incr       Path
  ----------------------------------------------------------------------------------------------
  clock Int_clk (rise edge)                                                   0.00       0.00
  clock network delay (ideal)                                                 0.55       0.55
  partialSum_reg[8]/CK (DFFRBQX4K1AR9)                              0.08      0.00       0.55 r
  partialSum_reg[8]/Q (DFFRBQX4K1AR9)                               0.09      0.23 c     0.78 r
  temp_temp_when_SInt_l130_1[0] (net)           5         0.02                0.00       0.78 r
  U488/I2 (HAX2AR9)                                                 0.09      0.00 c     0.78 r
  U488/CO (HAX2AR9)                                                 0.05      0.11       0.89 r
  n1187 (net)                                   1         0.00                0.00       0.89 r
  U852/I2 (HAX2AR9)                                                 0.05      0.00 &     0.89 r
  U852/CO (HAX2AR9)                                                 0.07      0.11       1.00 r
  n1190 (net)                                   1         0.01                0.00       1.00 r
  U1371/I2 (HAX2AR9)                                                0.07      0.00 &     1.00 r
  U1371/CO (HAX2AR9)                                                0.05      0.10       1.11 r
  n1193 (net)                                   1         0.00                0.00       1.11 r
  U719/I2 (HAX2AR9)                                                 0.05      0.00 &     1.11 r
  U719/CO (HAX2AR9)                                                 0.05      0.10       1.21 r
  n1196 (net)                                   1         0.00                0.00       1.21 r
  U1376/I2 (HAX2AR9)                                                0.05      0.00 &     1.21 r
  U1376/CO (HAX2AR9)                                                0.05      0.10       1.31 r
  n1199 (net)                                   1         0.00                0.00       1.31 r
  U718/I2 (HAX2AR9)                                                 0.05      0.00 &     1.31 r
  U718/CO (HAX2AR9)                                                 0.06      0.11       1.41 r
  n1202 (net)                                   1         0.01                0.00       1.41 r
  U1381/I2 (HAX2AR9)                                                0.06      0.00 &     1.41 r
  U1381/CO (HAX2AR9)                                                0.05      0.10       1.52 r
  n1205 (net)                                   1         0.00                0.00       1.52 r
  U717/I2 (HAX3AR9)                                                 0.05      0.00 &     1.52 r
  U717/CO (HAX3AR9)                                                 0.08      0.13       1.65 r
  n1208 (net)                                   1         0.01                0.00       1.65 r
  U1386/I2 (HAX2AR9)                                                0.08      0.00 &     1.65 r
  U1386/CO (HAX2AR9)                                                0.05      0.11       1.76 r
  n1211 (net)                                   1         0.00                0.00       1.76 r
  U716/I2 (HAX2AR9)                                                 0.05      0.00 &     1.76 r
  U716/CO (HAX2AR9)                                                 0.05      0.10       1.86 r
  n1214 (net)                                   1         0.00                0.00       1.86 r
  U1391/I2 (HAX2AR9)                                                0.05      0.00 &     1.86 r
  U1391/CO (HAX2AR9)                                                0.05      0.10       1.96 r
  n1217 (net)                                   1         0.00                0.00       1.96 r
  U356/I2 (HAX2AR9)                                                 0.05      0.00 &     1.96 r
  U356/CO (HAX2AR9)                                                 0.05      0.10       2.06 r
  n873 (net)                                    1         0.00                0.00       2.06 r
  U354/I2 (HAX2AR9)                                                 0.05      0.00 &     2.06 r
  U354/CO (HAX2AR9)                                                 0.08      0.12       2.17 r
  n892 (net)                                    1         0.01                0.00       2.17 r
  U353/I2 (HAX2AR9)                                                 0.08      0.00 &     2.18 r
  U353/CO (HAX2AR9)                                                 0.05      0.11       2.28 r
  n894 (net)                                    1         0.00                0.00       2.28 r
  U341/I2 (HAX3AR9)                                                 0.05      0.00 &     2.28 r
  U341/CO (HAX3AR9)                                                 0.10      0.14       2.42 r
  n859 (net)                                    1         0.02                0.00       2.42 r
  U352/I2 (HAX2AR9)                                                 0.10      0.00 &     2.43 r
  U352/CO (HAX2AR9)                                                 0.05      0.11       2.54 r
  n860 (net)                                    1         0.00                0.00       2.54 r
  U351/I2 (HAX2AR9)                                                 0.05      0.00 &     2.54 r
  U351/CO (HAX2AR9)                                                 0.05      0.10       2.64 r
  n858 (net)                                    1         0.00                0.00       2.64 r
  U350/I2 (HAX1AR9)                                                 0.05      0.00 &     2.64 r
  U350/CO (HAX1AR9)                                                 0.06      0.10       2.74 r
  n861 (net)                                    1         0.00                0.00       2.74 r
  U390/I2 (HAX2AR9)                                                 0.06      0.00 &     2.74 r
  U390/CO (HAX2AR9)                                                 0.05      0.10       2.84 r
  n857 (net)                                    1         0.00                0.00       2.84 r
  U388/I2 (HAX2AR9)                                                 0.05      0.00 &     2.84 r
  U388/CO (HAX2AR9)                                                 0.05      0.10       2.94 r
  n856 (net)                                    1         0.00                0.00       2.94 r
  U386/I2 (HAX1AR9)                                                 0.05      0.00 &     2.94 r
  U386/CO (HAX1AR9)                                                 0.07      0.10       3.04 r
  n862 (net)                                    1         0.00                0.00       3.04 r
  U385/I2 (HAX1AR9)                                                 0.07      0.00 &     3.04 r
  U385/CO (HAX1AR9)                                                 0.07      0.11       3.15 r
  n855 (net)                                    1         0.00                0.00       3.15 r
  U483/I2 (HAX1AR9)                                                 0.07      0.00 &     3.15 r
  U483/CO (HAX1AR9)                                                 0.07      0.11       3.25 r
  n854 (net)                                    1         0.00                0.00       3.25 r
  U482/I2 (HAX1AR9)                                                 0.07      0.00 &     3.25 r
  U482/CO (HAX1AR9)                                                 0.05      0.10       3.35 r
  n865 (net)                                    1         0.00                0.00       3.35 r
  U340/I2 (HAX05AR9)                                                0.05      0.00 &     3.35 r
  U340/CO (HAX05AR9)                                                0.07      0.13       3.48 r
  n867 (net)                                    1         0.00                0.00       3.48 r
  U492/I2 (HAX05AR9)                                                0.07      0.00 &     3.48 r
  U492/CO (HAX05AR9)                                                0.08      0.14       3.62 r
  n869 (net)                                    2         0.00                0.00       3.62 r
  U1191/B2 (AND2B1X3AR9)                                            0.08      0.00 &     3.62 r
  U1191/O (AND2B1X3AR9)                                             0.09      0.16 c     3.78 f
  n1168 (net)                                   4         0.03                0.00       3.78 f
  U383/A1 (OAI12X05AR9)                                             0.09      0.00 c     3.78 f
  U383/O (OAI12X05AR9)                                              0.11      0.06       3.84 r
  n1227 (net)                                   1         0.00                0.00       3.84 r
  U2145/I (CLKBUFX4AR9)                                             0.11      0.00 &     3.84 r
  U2145/O (CLKBUFX4AR9)                                             0.13      0.17 c     4.01 r
  n2075 (net)                                   2         0.03                0.00       4.01 r
  U348/I1 (CLKNAND2X2AR9)                                           0.13      0.01 c     4.02 r
  U348/O (CLKNAND2X2AR9)                                            0.25      0.19       4.21 f
  n1242 (net)                                  15         0.03                0.00       4.21 f
  U807/I2 (NOR2X05AR9)                                              0.25      0.00 &     4.21 f
  U807/O (NOR2X05AR9)                                               0.29      0.29       4.50 r
  memForAorB_1_D[2] (net)                       1         0.00                0.00       4.50 r
  memForAorB_1/ram1rw_4/ram/D[2] (mem55lpw256d16sp)                 0.29      0.00 &     4.50 r
  data arrival time                                                                      4.50

  clock Int_clk (rise edge)                                                   4.82       4.82
  clock network delay (ideal)                                                 0.55       5.37
  clock uncertainty                                                          -0.25       5.12
  memForAorB_1/ram1rw_4/ram/CLK (mem55lpw256d16sp)                            0.00       5.12 r
  library setup time                                                         -0.53       4.59
  data required time                                                                     4.59
  ----------------------------------------------------------------------------------------------
  data required time                                                                     4.59
  data arrival time                                                                     -4.50
  ----------------------------------------------------------------------------------------------
  slack (MET)                                                                            0.09


  Startpoint: partialSum_reg[8]
              (rising edge-triggered flip-flop clocked by Int_clk)
  Endpoint: memForAorB_1/ram1rw_4/ram
            (rising edge-triggered flip-flop clocked by Int_clk)
  Path Group: REG2MEM
  Path Type: max

  Point                                       Fanout       Cap     Trans      Incr       Path
  ----------------------------------------------------------------------------------------------
  clock Int_clk (rise edge)                                                   0.00       0.00
  clock network delay (ideal)                                                 0.55       0.55
  partialSum_reg[8]/CK (DFFRBQX4K1AR9)                              0.08      0.00       0.55 r
  partialSum_reg[8]/Q (DFFRBQX4K1AR9)                               0.09      0.23 c     0.78 r
  temp_temp_when_SInt_l130_1[0] (net)           5         0.02                0.00       0.78 r
  U488/I2 (HAX2AR9)                                                 0.09      0.00 c     0.78 r
  U488/CO (HAX2AR9)                                                 0.05      0.11       0.89 r
  n1187 (net)                                   1         0.00                0.00       0.89 r
  U852/I2 (HAX2AR9)                                                 0.05      0.00 &     0.89 r
  U852/CO (HAX2AR9)                                                 0.07      0.11       1.00 r
  n1190 (net)                                   1         0.01                0.00       1.00 r
  U1371/I2 (HAX2AR9)                                                0.07      0.00 &     1.00 r
  U1371/CO (HAX2AR9)                                                0.05      0.10       1.11 r
  n1193 (net)                                   1         0.00                0.00       1.11 r
  U719/I2 (HAX2AR9)                                                 0.05      0.00 &     1.11 r
  U719/CO (HAX2AR9)                                                 0.05      0.10       1.21 r
  n1196 (net)                                   1         0.00                0.00       1.21 r
  U1376/I2 (HAX2AR9)                                                0.05      0.00 &     1.21 r
  U1376/CO (HAX2AR9)                                                0.05      0.10       1.31 r
  n1199 (net)                                   1         0.00                0.00       1.31 r
  U718/I2 (HAX2AR9)                                                 0.05      0.00 &     1.31 r
  U718/CO (HAX2AR9)                                                 0.06      0.11       1.41 r
  n1202 (net)                                   1         0.01                0.00       1.41 r
  U1381/I2 (HAX2AR9)                                                0.06      0.00 &     1.41 r
  U1381/CO (HAX2AR9)                                                0.05      0.10       1.52 r
  n1205 (net)                                   1         0.00                0.00       1.52 r
  U717/I2 (HAX3AR9)                                                 0.05      0.00 &     1.52 r
  U717/CO (HAX3AR9)                                                 0.08      0.13       1.65 r
  n1208 (net)                                   1         0.01                0.00       1.65 r
  U1386/I2 (HAX2AR9)                                                0.08      0.00 &     1.65 r
  U1386/CO (HAX2AR9)                                                0.05      0.11       1.76 r
  n1211 (net)                                   1         0.00                0.00       1.76 r
  U716/I2 (HAX2AR9)                                                 0.05      0.00 &     1.76 r
  U716/CO (HAX2AR9)                                                 0.05      0.10       1.86 r
  n1214 (net)                                   1         0.00                0.00       1.86 r
  U1391/I2 (HAX2AR9)                                                0.05      0.00 &     1.86 r
  U1391/CO (HAX2AR9)                                                0.05      0.10       1.96 r
  n1217 (net)                                   1         0.00                0.00       1.96 r
  U356/I2 (HAX2AR9)                                                 0.05      0.00 &     1.96 r
  U356/CO (HAX2AR9)                                                 0.05      0.10       2.06 r
  n873 (net)                                    1         0.00                0.00       2.06 r
  U354/I2 (HAX2AR9)                                                 0.05      0.00 &     2.06 r
  U354/CO (HAX2AR9)                                                 0.08      0.12       2.17 r
  n892 (net)                                    1         0.01                0.00       2.17 r
  U353/I2 (HAX2AR9)                                                 0.08      0.00 &     2.18 r
  U353/CO (HAX2AR9)                                                 0.05      0.11       2.28 r
  n894 (net)                                    1         0.00                0.00       2.28 r
  U341/I2 (HAX3AR9)                                                 0.05      0.00 &     2.28 r
  U341/CO (HAX3AR9)                                                 0.10      0.14       2.42 r
  n859 (net)                                    1         0.02                0.00       2.42 r
  U352/I2 (HAX2AR9)                                                 0.10      0.00 &     2.43 r
  U352/CO (HAX2AR9)                                                 0.05      0.11       2.54 r
  n860 (net)                                    1         0.00                0.00       2.54 r
  U351/I2 (HAX2AR9)                                                 0.05      0.00 &     2.54 r
  U351/CO (HAX2AR9)                                                 0.05      0.10       2.64 r
  n858 (net)                                    1         0.00                0.00       2.64 r
  U350/I2 (HAX1AR9)                                                 0.05      0.00 &     2.64 r
  U350/CO (HAX1AR9)                                                 0.06      0.10       2.74 r
  n861 (net)                                    1         0.00                0.00       2.74 r
  U390/I2 (HAX2AR9)                                                 0.06      0.00 &     2.74 r
  U390/CO (HAX2AR9)                                                 0.05      0.10       2.84 r
  n857 (net)                                    1         0.00                0.00       2.84 r
  U388/I2 (HAX2AR9)                                                 0.05      0.00 &     2.84 r
  U388/CO (HAX2AR9)                                                 0.05      0.10       2.94 r
  n856 (net)                                    1         0.00                0.00       2.94 r
  U386/I2 (HAX1AR9)                                                 0.05      0.00 &     2.94 r
  U386/CO (HAX1AR9)                                                 0.07      0.10       3.04 r
  n862 (net)                                    1         0.00                0.00       3.04 r
  U385/I2 (HAX1AR9)                                                 0.07      0.00 &     3.04 r
  U385/CO (HAX1AR9)                                                 0.07      0.11       3.15 r
  n855 (net)                                    1         0.00                0.00       3.15 r
  U483/I2 (HAX1AR9)                                                 0.07      0.00 &     3.15 r
  U483/CO (HAX1AR9)                                                 0.07      0.11       3.25 r
  n854 (net)                                    1         0.00                0.00       3.25 r
  U482/I2 (HAX1AR9)                                                 0.07      0.00 &     3.25 r
  U482/CO (HAX1AR9)                                                 0.05      0.10       3.35 r
  n865 (net)                                    1         0.00                0.00       3.35 r
  U340/I2 (HAX05AR9)                                                0.05      0.00 &     3.35 r
  U340/CO (HAX05AR9)                                                0.07      0.13       3.48 r
  n867 (net)                                    1         0.00                0.00       3.48 r
  U492/I2 (HAX05AR9)                                                0.07      0.00 &     3.48 r
  U492/CO (HAX05AR9)                                                0.08      0.14       3.62 r
  n869 (net)                                    2         0.00                0.00       3.62 r
  U1191/B2 (AND2B1X3AR9)                                            0.08      0.00 &     3.62 r
  U1191/O (AND2B1X3AR9)                                             0.09      0.16 c     3.78 f
  n1168 (net)                                   4         0.03                0.00       3.78 f
  U383/A1 (OAI12X05AR9)                                             0.09      0.00 c     3.78 f
  U383/O (OAI12X05AR9)                                              0.11      0.06       3.84 r
  n1227 (net)                                   1         0.00                0.00       3.84 r
  U2145/I (CLKBUFX4AR9)                                             0.11      0.00 &     3.84 r
  U2145/O (CLKBUFX4AR9)                                             0.13      0.17 c     4.01 r
  n2075 (net)                                   2         0.03                0.00       4.01 r
  U348/I1 (CLKNAND2X2AR9)                                           0.13      0.01 c     4.02 r
  U348/O (CLKNAND2X2AR9)                                            0.25      0.19       4.21 f
  n1242 (net)                                  15         0.03                0.00       4.21 f
  U814/I2 (NOR2X05AR9)                                              0.25      0.00 &     4.22 f
  U814/O (NOR2X05AR9)                                               0.28      0.29       4.50 r
  memForAorB_1_D[0] (net)                       1         0.00                0.00       4.50 r
  memForAorB_1/ram1rw_4/ram/D[0] (mem55lpw256d16sp)                 0.28      0.00 &     4.50 r
  data arrival time                                                                      4.50

  clock Int_clk (rise edge)                                                   4.82       4.82
  clock network delay (ideal)                                                 0.55       5.37
  clock uncertainty                                                          -0.25       5.12
  memForAorB_1/ram1rw_4/ram/CLK (mem55lpw256d16sp)                            0.00       5.12 r
  library setup time                                                         -0.53       4.59
  data required time                                                                     4.59
  ----------------------------------------------------------------------------------------------
  data required time                                                                     4.59
  data arrival time                                                                     -4.50
  ----------------------------------------------------------------------------------------------
  slack (MET)                                                                            0.09


  Startpoint: fsm_cntLayers_value_reg[0]
              (rising edge-triggered flip-flop clocked by Int_clk)
  Endpoint: partialSum_reg[34]
            (rising edge-triggered flip-flop clocked by Int_clk)
  Path Group: REG2REG
  Path Type: max

  Point                                       Fanout       Cap     Trans      Incr       Path
  ----------------------------------------------------------------------------------------------
  clock Int_clk (rise edge)                                                   0.00       0.00
  clock network delay (ideal)                                                 0.55       0.55
  fsm_cntLayers_value_reg[0]/CK (DFFRBQX2AR9)                       0.08      0.00       0.55 r
  fsm_cntLayers_value_reg[0]/Q (DFFRBQX2AR9)                        0.27      0.37 c     0.92 r
  temp_fsm_adrForWeight_1[8] (net)              5         0.04                0.00       0.92 r
  U30/I (BUFX4AR9)                                                  0.27      0.00 c     0.92 r
  U30/O (BUFX4AR9)                                                  0.35      0.25 c     1.17 r
  n2252 (net)                                  29         0.13                0.00       1.17 r
  U1803/I (INVX05AR9)                                               0.36      0.02 c     1.19 r
  U1803/O (INVX05AR9)                                               0.12      0.12       1.31 f
  n1738 (net)                                   1         0.00                0.00       1.31 f
  U1800/I2 (NAND2X3AR9)                                             0.12      0.00 &     1.31 f
  U1800/O (NAND2X3AR9)                                              0.08      0.09       1.39 r
  n1739 (net)                                   1         0.01                0.00       1.39 r
  U1802/I1 (CLKNAND2X8AR9)                                          0.08      0.00 &     1.39 r
  U1802/O (CLKNAND2X8AR9)                                           0.14      0.10 c     1.50 f
  n193 (net)                                   24         0.07                0.00       1.50 f
  U657/I1 (CLKXOR2X1AR9)                                            0.14      0.01 c     1.50 f
  U657/O (CLKXOR2X1AR9)                                             0.13      0.31       1.81 f
  n196 (net)                                    1         0.01                0.00       1.81 f
  U369/I1 (NAND2X6AR9)                                              0.13      0.00 &     1.82 f
  U369/O (NAND2X6AR9)                                               0.08      0.07       1.88 r
  n700 (net)                                    2         0.01                0.00       1.88 r
  U2102/I (CLKINVX6AR9)                                             0.08      0.00 &     1.88 r
  U2102/O (CLKINVX6AR9)                                             0.04      0.05       1.93 f
  n2026 (net)                                   2         0.01                0.00       1.93 f
  U1974/I (CLKINVX2AR9)                                             0.04      0.00 &     1.93 f
  U1974/O (CLKINVX2AR9)                                             0.12      0.09       2.02 r
  n2027 (net)                                   7         0.02                0.00       2.02 r
  U651/A2 (OAI22X05AR9)                                             0.12      0.00 &     2.02 r
  U651/O (OAI22X05AR9)                                              0.13      0.12       2.14 f
  n725 (net)                                    1         0.00                0.00       2.14 f
  U1143/CI (FAX1AR9)                                                0.13      0.00 &     2.14 f
  U1143/CO (FAX1AR9)                                                0.07      0.22       2.36 f
  n758 (net)                                    1         0.00                0.00       2.36 f
  U1154/CI (FAX05AR9)                                               0.07      0.00 &     2.36 f
  U1154/S (FAX05AR9)                                                0.15      0.41       2.77 f
  n755 (net)                                    1         0.01                0.00       2.77 f
  U1153/CI (FAX1AR9)                                                0.15      0.00 &     2.77 f
  U1153/CO (FAX1AR9)                                                0.08      0.24       3.01 f
  n766 (net)                                    1         0.00                0.00       3.01 f
  U1156/CI (FAX1AR9)                                                0.08      0.00 &     3.01 f
  U1156/S (FAX1AR9)                                                 0.10      0.29       3.30 r
  n762 (net)                                    2         0.01                0.00       3.30 r
  U1449/I2 (OR2X1AR9)                                               0.10      0.00 &     3.30 r
  U1449/O (OR2X1AR9)                                                0.14      0.14       3.44 r
  n1434 (net)                                   3         0.01                0.00       3.44 r
  U208/I3 (NAND3X1AR9)                                              0.14      0.00 &     3.44 r
  U208/O (NAND3X1AR9)                                               0.16      0.15       3.59 f
  n820 (net)                                    2         0.01                0.00       3.59 f
  U1658/I (INVX05AR9)                                               0.16      0.00 &     3.59 f
  U1658/O (INVX05AR9)                                               0.09      0.10       3.69 r
  n1614 (net)                                   1         0.00                0.00       3.69 r
  U1655/I2 (NAND2X2AR9)                                             0.09      0.00 &     3.69 r
  U1655/O (NAND2X2AR9)                                              0.04      0.06       3.75 f
  n1615 (net)                                   1         0.00                0.00       3.75 f
  U1656/I1 (CLKNAND2X2AR9)                                          0.04      0.00 &     3.75 f
  U1656/O (CLKNAND2X2AR9)                                           0.08      0.05       3.80 r
  n822 (net)                                    1         0.00                0.00       3.80 r
  U1775/I2 (CLKNOR2X2AR9)                                           0.08      0.00 &     3.80 r
  U1775/O (CLKNOR2X2AR9)                                            0.06      0.07       3.87 f
  n1119 (net)                                   2         0.01                0.00       3.87 f
  U392/B1 (OAI12X2AR9)                                              0.06      0.00 &     3.87 f
  U392/O (OAI12X2AR9)                                               0.11      0.08       3.96 r
  n834 (net)                                    1         0.00                0.00       3.96 r
  U672/I2 (NOR2X4AR9)                                               0.11      0.00 &     3.96 r
  U672/O (NOR2X4AR9)                                                0.05      0.06       4.02 f
  n1055 (net)                                   2         0.01                0.00       4.02 f
  U387/B1 (OAI12X4IAR9)                                             0.05      0.00 &     4.02 f
  U387/O (OAI12X4IAR9)                                              0.09      0.06       4.07 r
  n1075 (net)                                   2         0.01                0.00       4.07 r
  U1179/B1 (AOI12X2IAR9)                                            0.09      0.00 &     4.07 r
  U1179/O (AOI12X2IAR9)                                             0.06      0.06       4.14 f
  n1114 (net)                                   2         0.01                0.00       4.14 f
  U468/B1 (OAI12X4IAR9)                                             0.06      0.00 &     4.14 f
  U468/O (OAI12X4IAR9)                                              0.09      0.05       4.19 r
  n1108 (net)                                   2         0.00                0.00       4.19 r
  U797/I1 (CLKXNOR2X1AR9)                                           0.09      0.00 &     4.19 r
  U797/O (CLKXNOR2X1AR9)                                            0.05      0.16       4.36 r
  n1110 (net)                                   1         0.00                0.00       4.36 r
  U344/B1B (OAI22B2X05AR9)                                          0.05      0.00 &     4.36 r
  U344/O (OAI22B2X05AR9)                                            0.13      0.11       4.47 r
  n176 (net)                                    1         0.00                0.00       4.47 r
  partialSum_reg[34]/D (DFFRBQX05AR9)                               0.13      0.00 &     4.47 r
  data arrival time                                                                      4.47

  clock Int_clk (rise edge)                                                   4.82       4.82
  clock network delay (ideal)                                                 0.55       5.37
  clock uncertainty                                                          -0.25       5.12
  partialSum_reg[34]/CK (DFFRBQX05AR9)                                        0.00       5.12 r
  library setup time                                                         -0.09       5.03
  data required time                                                                     5.03
  ----------------------------------------------------------------------------------------------
  data required time                                                                     5.03
  data arrival time                                                                     -4.47
  ----------------------------------------------------------------------------------------------
  slack (MET)                                                                            0.56


  Startpoint: fsm_cntLayers_value_reg[0]
              (rising edge-triggered flip-flop clocked by Int_clk)
  Endpoint: partialSum_reg[34]
            (rising edge-triggered flip-flop clocked by Int_clk)
  Path Group: REG2REG
  Path Type: max

  Point                                       Fanout       Cap     Trans      Incr       Path
  ----------------------------------------------------------------------------------------------
  clock Int_clk (rise edge)                                                   0.00       0.00
  clock network delay (ideal)                                                 0.55       0.55
  fsm_cntLayers_value_reg[0]/CK (DFFRBQX2AR9)                       0.08      0.00       0.55 r
  fsm_cntLayers_value_reg[0]/Q (DFFRBQX2AR9)                        0.27      0.37 c     0.92 r
  temp_fsm_adrForWeight_1[8] (net)              5         0.04                0.00       0.92 r
  U30/I (BUFX4AR9)                                                  0.27      0.00 c     0.92 r
  U30/O (BUFX4AR9)                                                  0.35      0.25 c     1.17 r
  n2252 (net)                                  29         0.13                0.00       1.17 r
  U1803/I (INVX05AR9)                                               0.36      0.02 c     1.19 r
  U1803/O (INVX05AR9)                                               0.12      0.12       1.31 f
  n1738 (net)                                   1         0.00                0.00       1.31 f
  U1800/I2 (NAND2X3AR9)                                             0.12      0.00 &     1.31 f
  U1800/O (NAND2X3AR9)                                              0.08      0.09       1.39 r
  n1739 (net)                                   1         0.01                0.00       1.39 r
  U1802/I1 (CLKNAND2X8AR9)                                          0.08      0.00 &     1.39 r
  U1802/O (CLKNAND2X8AR9)                                           0.14      0.10 c     1.50 f
  n193 (net)                                   24         0.07                0.00       1.50 f
  U657/I1 (CLKXOR2X1AR9)                                            0.14      0.01 c     1.50 f
  U657/O (CLKXOR2X1AR9)                                             0.13      0.31       1.81 f
  n196 (net)                                    1         0.01                0.00       1.81 f
  U369/I1 (NAND2X6AR9)                                              0.13      0.00 &     1.82 f
  U369/O (NAND2X6AR9)                                               0.08      0.07       1.88 r
  n700 (net)                                    2         0.01                0.00       1.88 r
  U2102/I (CLKINVX6AR9)                                             0.08      0.00 &     1.88 r
  U2102/O (CLKINVX6AR9)                                             0.04      0.05       1.93 f
  n2026 (net)                                   2         0.01                0.00       1.93 f
  U1974/I (CLKINVX2AR9)                                             0.04      0.00 &     1.93 f
  U1974/O (CLKINVX2AR9)                                             0.12      0.09       2.02 r
  n2027 (net)                                   7         0.02                0.00       2.02 r
  U651/A2 (OAI22X05AR9)                                             0.12      0.00 &     2.02 r
  U651/O (OAI22X05AR9)                                              0.13      0.12       2.14 f
  n725 (net)                                    1         0.00                0.00       2.14 f
  U1143/CI (FAX1AR9)                                                0.13      0.00 &     2.14 f
  U1143/CO (FAX1AR9)                                                0.07      0.22       2.36 f
  n758 (net)                                    1         0.00                0.00       2.36 f
  U1154/CI (FAX05AR9)                                               0.07      0.00 &     2.36 f
  U1154/S (FAX05AR9)                                                0.15      0.41       2.77 f
  n755 (net)                                    1         0.01                0.00       2.77 f
  U1153/CI (FAX1AR9)                                                0.15      0.00 &     2.77 f
  U1153/CO (FAX1AR9)                                                0.08      0.24       3.01 f
  n766 (net)                                    1         0.00                0.00       3.01 f
  U1156/CI (FAX1AR9)                                                0.08      0.00 &     3.01 f
  U1156/S (FAX1AR9)                                                 0.10      0.29       3.30 r
  n762 (net)                                    2         0.01                0.00       3.30 r
  U1449/I2 (OR2X1AR9)                                               0.10      0.00 &     3.30 r
  U1449/O (OR2X1AR9)                                                0.14      0.14       3.44 r
  n1434 (net)                                   3         0.01                0.00       3.44 r
  U208/I3 (NAND3X1AR9)                                              0.14      0.00 &     3.44 r
  U208/O (NAND3X1AR9)                                               0.16      0.15       3.59 f
  n820 (net)                                    2         0.01                0.00       3.59 f
  U1658/I (INVX05AR9)                                               0.16      0.00 &     3.59 f
  U1658/O (INVX05AR9)                                               0.09      0.10       3.69 r
  n1614 (net)                                   1         0.00                0.00       3.69 r
  U1655/I2 (NAND2X2AR9)                                             0.09      0.00 &     3.69 r
  U1655/O (NAND2X2AR9)                                              0.04      0.06       3.75 f
  n1615 (net)                                   1         0.00                0.00       3.75 f
  U1656/I1 (CLKNAND2X2AR9)                                          0.04      0.00 &     3.75 f
  U1656/O (CLKNAND2X2AR9)                                           0.08      0.05       3.80 r
  n822 (net)                                    1         0.00                0.00       3.80 r
  U1775/I2 (CLKNOR2X2AR9)                                           0.08      0.00 &     3.80 r
  U1775/O (CLKNOR2X2AR9)                                            0.06      0.07       3.87 f
  n1119 (net)                                   2         0.01                0.00       3.87 f
  U392/B1 (OAI12X2AR9)                                              0.06      0.00 &     3.87 f
  U392/O (OAI12X2AR9)                                               0.11      0.08       3.96 r
  n834 (net)                                    1         0.00                0.00       3.96 r
  U672/I2 (NOR2X4AR9)                                               0.11      0.00 &     3.96 r
  U672/O (NOR2X4AR9)                                                0.05      0.06       4.02 f
  n1055 (net)                                   2         0.01                0.00       4.02 f
  U387/B1 (OAI12X4IAR9)                                             0.05      0.00 &     4.02 f
  U387/O (OAI12X4IAR9)                                              0.09      0.06       4.07 r
  n1075 (net)                                   2         0.01                0.00       4.07 r
  U1179/B1 (AOI12X2IAR9)                                            0.09      0.00 &     4.07 r
  U1179/O (AOI12X2IAR9)                                             0.06      0.06       4.14 f
  n1114 (net)                                   2         0.01                0.00       4.14 f
  U468/B1 (OAI12X4IAR9)                                             0.06      0.00 &     4.14 f
  U468/O (OAI12X4IAR9)                                              0.09      0.05       4.19 r
  n1108 (net)                                   2         0.00                0.00       4.19 r
  U797/I1 (CLKXNOR2X1AR9)                                           0.09      0.00 &     4.19 r
  U797/O (CLKXNOR2X1AR9)                                            0.05      0.16       4.36 r
  n1110 (net)                                   1         0.00                0.00       4.36 r
  U344/B1B (OAI22B2X05AR9)                                          0.05      0.00 &     4.36 r
  U344/O (OAI22B2X05AR9)                                            0.13      0.11       4.47 r
  n176 (net)                                    1         0.00                0.00       4.47 r
  partialSum_reg[34]/D (DFFRBQX05AR9)                               0.13      0.00 &     4.47 r
  data arrival time                                                                      4.47

  clock Int_clk (rise edge)                                                   4.82       4.82
  clock network delay (ideal)                                                 0.55       5.37
  clock uncertainty                                                          -0.25       5.12
  partialSum_reg[34]/CK (DFFRBQX05AR9)                                        0.00       5.12 r
  library setup time                                                         -0.09       5.03
  data required time                                                                     5.03
  ----------------------------------------------------------------------------------------------
  data required time                                                                     5.03
  data arrival time                                                                     -4.47
  ----------------------------------------------------------------------------------------------
  slack (MET)                                                                            0.56


1
