#######################################################################################
# log primitive debug message of FSDB dumping                                         #
# This is for R&D to analyze when there are issues happening when FSDB dump           #
#######################################################################################
ANF: vcsd_get_serial_mode_status('./simv: undefined symbol: vcsd_get_serial_mode_status')
ANF: vcsd_enable_sva_success_callback('./simv: undefined symbol: vcsd_enable_sva_success_callback')
ANF: vcsd_disable_sva_success_callback('./simv: undefined symbol: vcsd_disable_sva_success_callback')
ANF: vcsd_get_zebu_work('./simv: undefined symbol: vcsd_get_zebu_work')
ANF: vcsd_get_power_scope_name('./simv: undefined symbol: vcsd_get_power_scope_name')
ANF: vcsd_node_check_init_MCP_tag('./simv: undefined symbol: vcsd_node_check_init_MCP_tag')
ANF: vcsd_begin_no_value_var_info('./simv: undefined symbol: vcsd_begin_no_value_var_info')
ANF: vcsd_end_no_value_var_info('./simv: undefined symbol: vcsd_end_no_value_var_info')
ANF: vcsd_remove_xprop_merge_mode_callback('./simv: undefined symbol: vcsd_remove_xprop_merge_mode_callback')
ANF: vcsd_register_2nd_RTL_master_remainRTL2('./simv: undefined symbol: vcsd_register_2nd_RTL_master_remainRTL2')
ANF: vcsd_register_2nd_RTL_master_becomePrimary2('./simv: undefined symbol: vcsd_register_2nd_RTL_master_becomePrimary2')
ANF: vcsdIsNativeVcMem('./simv: undefined symbol: vcsdIsNativeVcMem')
ANF: vcsd_check_eifn('./simv: undefined symbol: vcsd_check_eifn')
ANF: vcsd_register_addNewMaster_ex('./simv: undefined symbol: vcsd_register_addNewMaster_ex')
ANF: vhpi_get_cb_info('./simv: undefined symbol: vhpi_get_cb_info')
ANF: vhpi_free_handle('./simv: undefined symbol: vhpi_free_handle')
ANF: vhpi_fetch_vcsd_handle('./simv: undefined symbol: vhpi_fetch_vcsd_handle')
ANF: vhpi_fetch_vpi_handle('./simv: undefined symbol: vhpi_fetch_vpi_handle')
ANF: vhpi_has_verilog_parent('./simv: undefined symbol: vhpi_has_verilog_parent')
ANF: vhpi_is_verilog_scope('./simv: undefined symbol: vhpi_is_verilog_scope')
ANF: scsd_xprop_is_enabled('./simv: undefined symbol: scsd_xprop_is_enabled')
ANF: scsd_xprop_sig_is_promoted('./simv: undefined symbol: scsd_xprop_sig_is_promoted')
ANF: scsd_xprop_int_xvalue('./simv: undefined symbol: scsd_xprop_int_xvalue')
ANF: scsd_xprop_bool_xvalue('./simv: undefined symbol: scsd_xprop_bool_xvalue')
ANF: scsd_xprop_enum_xvalue('./simv: undefined symbol: scsd_xprop_enum_xvalue')
ANF: scsd_xprop_register_merge_mode_cb('./simv: undefined symbol: scsd_xprop_register_merge_mode_cb')
ANF: scsd_xprop_delete_merge_mode_cb('./simv: undefined symbol: scsd_xprop_delete_merge_mode_cb')
ANF: scsd_xprop_get_merge_mode('./simv: undefined symbol: scsd_xprop_get_merge_mode')
ANF: scsd_thread_get_info('./simv: undefined symbol: scsd_thread_get_info')
ANF: scsd_thread_vc_init('./simv: undefined symbol: scsd_thread_vc_init')
ANF: scsd_master_set_delta_sync_cbk('./simv: undefined symbol: scsd_master_set_delta_sync_cbk')
ANF: scsd_fgp_get_fsdb_cores('./simv: undefined symbol: scsd_fgp_get_fsdb_cores')
ANF: vdi_enc_def_traverse_module('./simv: undefined symbol: vdi_enc_def_traverse_module')
ANF: vdi_enc_def_traverse_scope('./simv: undefined symbol: vdi_enc_def_traverse_scope')
ANF: vdi_enc_def_traverse_variable('./simv: undefined symbol: vdi_enc_def_traverse_variable')
ANF: vdi_enc_ist_traverse_scope('./simv: undefined symbol: vdi_enc_ist_traverse_scope')
ANF: vdi_enc_ist_traverse_variable('./simv: undefined symbol: vdi_enc_ist_traverse_variable')
ANF: vdi_set_fsdb_dynalias_follow_master('./simv: undefined symbol: vdi_set_fsdb_dynalias_follow_master')
ANF: vdi_set_fsdb_dynalias_unfollow_master('./simv: undefined symbol: vdi_set_fsdb_dynalias_unfollow_master')
ANF: vdi_set_fsdb_dynalias_get_file_id_func('./simv: undefined symbol: vdi_set_fsdb_dynalias_get_file_id_func')
ANF: vdi_fsdb_dynalias_enable('./simv: undefined symbol: vdi_fsdb_dynalias_enable')
ANF: vdi_fsdb_dynalias_disable('./simv: undefined symbol: vdi_fsdb_dynalias_disable')
ANF: vdi_is_vir_unload_enabled('./simv: undefined symbol: vdi_is_vir_unload_enabled')
ANF: vdi_is_value_tag_enable('./simv: undefined symbol: vdi_is_value_tag_enable')
ANF: vdi_cbk_set_value_tag_callback('./simv: undefined symbol: vdi_cbk_set_value_tag_callback')
ANF: vdi_scan_value_tag_description('./simv: undefined symbol: vdi_scan_value_tag_description')
ANF: vdi_is_ultra_lic_on('./simv: undefined symbol: vdi_is_ultra_lic_on')
ANF: vdi_is_MCP_tag_enable('./simv: undefined symbol: vdi_is_MCP_tag_enable')
ANF: vdi_cbk_set_MCP_tag_callback('./simv: undefined symbol: vdi_cbk_set_MCP_tag_callback')
ANF: vdi_scan_MCP_tag_description('./simv: undefined symbol: vdi_scan_MCP_tag_description')
ANF: vdi_fn_trigger_init_MCP_tag('./simv: undefined symbol: vdi_fn_trigger_init_MCP_tag')
ANF: vhdi_dt_get_type('./simv: undefined symbol: vhdi_dt_get_type')
ANF: vhdi_dt_get_key('./simv: undefined symbol: vhdi_dt_get_key')
ANF: vhdi_dt_get_vhdl_enum_info('./simv: undefined symbol: vhdi_dt_get_vhdl_enum_info')
ANF: vhdi_dt_get_vhdl_physical_info('./simv: undefined symbol: vhdi_dt_get_vhdl_physical_info')
ANF: vhdi_dt_get_vhdl_array_info('./simv: undefined symbol: vhdi_dt_get_vhdl_array_info')
ANF: vhdi_dt_get_vhdl_record_info('./simv: undefined symbol: vhdi_dt_get_vhdl_record_info')
ANF: vhdi_def_traverse_module('./simv: undefined symbol: vhdi_def_traverse_module')
ANF: vhdi_def_traverse_scope('./simv: undefined symbol: vhdi_def_traverse_scope')
ANF: vhdi_def_traverse_variable('./simv: undefined symbol: vhdi_def_traverse_variable')
ANF: vhdi_def_get_module_id_by_vhpi('./simv: undefined symbol: vhdi_def_get_module_id_by_vhpi')
ANF: vhdi_def_get_handle_by_module_id('./simv: undefined symbol: vhdi_def_get_handle_by_module_id')
ANF: vhdi_def_get_variable_info_by_vhpi('./simv: undefined symbol: vhdi_def_get_variable_info_by_vhpi')
ANF: vhdi_def_free('./simv: undefined symbol: vhdi_def_free')
ANF: vhdi_ist_traverse_scope('./simv: undefined symbol: vhdi_ist_traverse_scope')
ANF: vhdi_ist_traverse_variable('./simv: undefined symbol: vhdi_ist_traverse_variable')
ANF: vhdi_ist_convert_by_vhpi('./simv: undefined symbol: vhdi_ist_convert_by_vhpi')
ANF: vhdi_ist_clone('./simv: undefined symbol: vhdi_ist_clone')
ANF: vhdi_ist_free('./simv: undefined symbol: vhdi_ist_free')
ANF: vhdi_ist_hash_key('./simv: undefined symbol: vhdi_ist_hash_key')
ANF: vhdi_ist_compare('./simv: undefined symbol: vhdi_ist_compare')
ANF: vhdi_ist_get_value_addr('./simv: undefined symbol: vhdi_ist_get_value_addr')
ANF: vhdi_set_scsd_callback('./simv: undefined symbol: vhdi_set_scsd_callback')
ANF: vhdi_cbk_set_force_callback('./simv: undefined symbol: vhdi_cbk_set_force_callback')
ANF: vhdi_trigger_init_force('./simv: undefined symbol: vhdi_trigger_init_force')
ANF: vhdi_ist_check_scsd_callback('./simv: undefined symbol: vhdi_ist_check_scsd_callback')
ANF: vhdi_ist_add_scsd_callback('./simv: undefined symbol: vhdi_ist_add_scsd_callback')
ANF: vhdi_ist_remove_scsd_callback('./simv: undefined symbol: vhdi_ist_remove_scsd_callback')
ANF: vhdi_ist_get_scsd_user_data('./simv: undefined symbol: vhdi_ist_get_scsd_user_data')
ANF: vhdi_add_time_change_callback('./simv: undefined symbol: vhdi_add_time_change_callback')
ANF: vhdi_get_real_value_by_value_addr('./simv: undefined symbol: vhdi_get_real_value_by_value_addr')
ANF: vhdi_get_64_value_by_value_addr('./simv: undefined symbol: vhdi_get_64_value_by_value_addr')
ANF: vhdi_xprop_inst_is_promoted('./simv: undefined symbol: vhdi_xprop_inst_is_promoted')
ANF: vdi_ist_convert_by_vhdi('./simv: undefined symbol: vdi_ist_convert_by_vhdi')
ANF: vhdi_ist_get_module_id('./simv: undefined symbol: vhdi_ist_get_module_id')
ANF: vhdi_refine_foreign_scope_type('./simv: undefined symbol: vhdi_refine_foreign_scope_type')
ANF: vhdi_flush_callback('./simv: undefined symbol: vhdi_flush_callback')
ANF: vhdi_set_orig_name('./simv: undefined symbol: vhdi_set_orig_name')
ANF: vhdi_set_dump_pt('./simv: undefined symbol: vhdi_set_dump_pt')
ANF: vhdi_get_fsdb_option('./simv: undefined symbol: vhdi_get_fsdb_option')
ANF: vhdi_fgp_get_mode('./simv: undefined symbol: vhdi_fgp_get_mode')
ANF: vhdi_node_register_composite_var('./simv: undefined symbol: vhdi_node_register_composite_var')
ANF: vhdi_node_analysis('./simv: undefined symbol: vhdi_node_analysis')
ANF: vhdi_node_id('./simv: undefined symbol: vhdi_node_id')
ANF: vhdi_node_ist_check_scsd_callback('./simv: undefined symbol: vhdi_node_ist_check_scsd_callback')
ANF: vhdi_node_ist_add_scsd_callback('./simv: undefined symbol: vhdi_node_ist_add_scsd_callback')
ANF: vhdi_node_ist_get_value_addr('./simv: undefined symbol: vhdi_node_ist_get_value_addr')
ANF: vhdi_enc_def_traverse_module('./simv: undefined symbol: vhdi_enc_def_traverse_module')
ANF: vhdi_enc_def_traverse_scope('./simv: undefined symbol: vhdi_enc_def_traverse_scope')
ANF: vhdi_enc_def_traverse_variable('./simv: undefined symbol: vhdi_enc_def_traverse_variable')
ANF: vhdi_enc_ist_traverse_scope('./simv: undefined symbol: vhdi_enc_ist_traverse_scope')
ANF: vhdi_enc_ist_traverse_variable('./simv: undefined symbol: vhdi_enc_ist_traverse_variable')
ANF: vhdi_enc_ist_get_module_id('./simv: undefined symbol: vhdi_enc_ist_get_module_id')
ANF: vhdi_enc_def_get_handle_by_module_id('./simv: undefined symbol: vhdi_enc_def_get_handle_by_module_id')
VCS compile option:
 option[0]: ./simv
 option[1]: /home/tools/synopsys/vcs/P-2019.06-SP1/linux64/bin/vcs1
 option[2]: -Mcc=gcc
 option[3]: -Mcplusplus=g++
 option[4]: -Masflags=
 option[5]: -Mcfl= -pipe -fPIC -O -I/home/tools/synopsys/vcs/P-2019.06-SP1/include 
 option[6]: -Mxcflags= -pipe -fPIC -I/home/tools/synopsys/vcs/P-2019.06-SP1/include
 option[7]: -Mldflags= -rdynamic 
 option[8]: -Mout=simv
 option[9]: -Mamsrun=
 option[10]: -Mvcsaceobjs=
 option[11]: -Mobjects= /home/tools/synopsys/vcs/P-2019.06-SP1/linux64/lib/libvirsim.so /home/tools/synopsys/vcs/P-2019.06-SP1/linux64/lib/liberrorinf.so /home/tools/synopsys/vcs/P-2019.06-SP1/linux64/lib/libsnpsmalloc.so /home/tools/synopsys/vcs/P-2019.06-SP1/linux64/lib/libvfs.so 
 option[12]: -Mexternalobj=
 option[13]: -Msaverestoreobj=/home/tools/synopsys/vcs/P-2019.06-SP1/linux64/lib/vcs_save_restore_new.o
 option[14]: -Mcrt0=
 option[15]: -Mcrtn=
 option[16]: -Mcsrc=
 option[17]: -Msyslibs=/home/tools/synopsys/verdi/Q-2020.03/share/PLI/VCS/LINUX64/pli.a -ldl 
 option[18]: -full64
 option[19]: -kdb
 option[20]: -Xufe=2steps
 option[21]: -debug_acc+r
 option[22]: +vpi
 option[23]: +vcsd1
 option[24]: +itf+/home/tools/synopsys/vcs/P-2019.06-SP1/linux64/lib/vcsdp_lite.tab
 option[25]: -picarchive
 option[26]: -P
 option[27]: /home/tools/synopsys/verdi/Q-2020.03/share/PLI/VCS/LINUX64/verdi.tab
 option[28]: -fsdb
 option[29]: -gen_obj
 option[30]: multiplier_tb.v
 option[31]: multiplier.v
 option[32]: half_adder.v
 option[33]: full_adder.v
 option[34]: -load
 option[35]: /home/tools/synopsys/verdi/Q-2020.03/share/PLI/VCS/LINUX64/libnovas.so:FSDBDumpCmd
Chronologic Simulation VCS Release O-2018.09-SP2_Full64
Linux 3.10.0-1160.24.1.el7.x86_64 #1 SMP Thu Apr 8 19:51:47 UTC 2021 x86_64
CPU cores: 8
Limit information:
======================================
cputime		unlimited
filesize		unlimited
datasize		unlimited
stacksize		8192 kbytes
coredumpsize		0 kbytes
memoryuse		unlimited
vmemoryuse		unlimited
descriptors		4096
memorylocked		64 kbytes
maxproc		4096
======================================
(Special)Runtime environment variables:

Runtime environment variables:
XDG_VTNR=1
INNOVUS_HOME=/home/tools/cadence/INNOVUS191
SSH_AGENT_PID=83462
XDG_SESSION_ID=2207
HOSTNAME=2024-vlsi-22
IMSETTINGS_INTEGRATE_DESKTOP=yes
TERM=xterm-256color
XDG_MENU_PREFIX=gnome-
VTE_VERSION=5204
HOST=2024-vlsi-22
SHELL=/bin/tcsh
CALIBRE_DFM_DP_VISUALIZATION_ENABLE=7639361
MGC_REALTIME_ENABLE_SPECIFIC_HIER_LEVEL_DRC=1150123
CDS_USE_PALETTE=1
ICVALIDATOR_HOME=/home/tools/synopsys/icvalidator/K-2015.12
STARTRC_HOME=/home/tools/synopsys/starrc/O-2018.06-SP4-1
GNOME_TERMINAL_SCREEN=/org/gnome/Terminal/screen/60d634b1_9e57_481e_8d21_be722f48341a
CDS_LOAD_ENV=CSF
QTDIR=/usr/lib64/qt-3.3
QTINC=/usr/lib64/qt-3.3/include
SPECTRE_REPORT_NUMBER=1
IMSETTINGS_MODULE=none
QT_GRAPHICSSYSTEM_CHECKED=1
USER=user001
GROUP=user001
MGC_REALTIME_HOME=/home/tools/mentor/calibre/aoi_cal_2016.4_38.25/aoi_cal_2016.4_38.25
LS_COLORS=rs=0:di=38;5;27:ln=38;5;51:mh=44;38;5;15:pi=40;38;5;11:so=38;5;13:do=38;5;5:bd=48;5;232;38;5;11:cd=48;5;232;38;5;3:or=48;5;232;38;5;9:mi=05;48;5;232;38;5;15:su=48;5;196;38;5;15:sg=48;5;11;38;5;16:ca=48;5;196;38;5;226:tw=48;5;10;38;5;16:ow=48;5;10;38;5;21:st=48;5;21;38;5;15:ex=38;5;34:*.tar=38;5;9:*.tgz=38;5;9:*.arc=38;5;9:*.arj=38;5;9:*.taz=38;5;9:*.lha=38;5;9:*.lz4=38;5;9:*.lzh=38;5;9:*.lzma=38;5;9:*.tlz=38;5;9:*.txz=38;5;9:*.tzo=38;5;9:*.t7z=38;5;9:*.zip=38;5;9:*.z=38;5;9:*.Z=38;5;9:*.dz=38;5;9:*.gz=38;5;9:*.lrz=38;5;9:*.lz=38;5;9:*.lzo=38;5;9:*.xz=38;5;9:*.bz2=38;5;9:*.bz=38;5;9:*.tbz=38;5;9:*.tbz2=38;5;9:*.tz=38;5;9:*.deb=38;5;9:*.rpm=38;5;9:*.jar=38;5;9:*.war=38;5;9:*.ear=38;5;9:*.sar=38;5;9:*.rar=38;5;9:*.alz=38;5;9:*.ace=38;5;9:*.zoo=38;5;9:*.cpio=38;5;9:*.7z=38;5;9:*.rz=38;5;9:*.cab=38;5;9:*.jpg=38;5;13:*.jpeg=38;5;13:*.gif=38;5;13:*.bmp=38;5;13:*.pbm=38;5;13:*.pgm=38;5;13:*.ppm=38;5;13:*.tga=38;5;13:*.xbm=38;5;13:*.xpm=38;5;13:*.tif=38;5;13:*.tiff=38;5;13:*.png=38;5;13:*.svg=38;5;13:*.svgz=38;5;13:*.mng=38;5;13:*.pcx=38;5;13:*.mov=38;5;13:*.mpg=38;5;13:*.mpeg=38;5;13:*.m2v=38;5;13:*.mkv=38;5;13:*.webm=38;5;13:*.ogm=38;5;13:*.mp4=38;5;13:*.m4v=38;5;13:*.mp4v=38;5;13:*.vob=38;5;13:*.qt=38;5;13:*.nuv=38;5;13:*.wmv=38;5;13:*.asf=38;5;13:*.rm=38;5;13:*.rmvb=38;5;13:*.flc=38;5;13:*.avi=38;5;13:*.fli=38;5;13:*.flv=38;5;13:*.gl=38;5;13:*.dl=38;5;13:*.xcf=38;5;13:*.xwd=38;5;13:*.yuv=38;5;13:*.cgm=38;5;13:*.emf=38;5;13:*.axv=38;5;13:*.anx=38;5;13:*.ogv=38;5;13:*.ogx=38;5;13:*.aac=38;5;45:*.au=38;5;45:*.flac=38;5;45:*.mid=38;5;45:*.midi=38;5;45:*.mka=38;5;45:*.mp3=38;5;45:*.mpc=38;5;45:*.ogg=38;5;45:*.ra=38;5;45:*.wav=38;5;45:*.axa=38;5;45:*.oga=38;5;45:*.spx=38;5;45:*.xspf=38;5;45:
GNOME_TERMINAL_SERVICE=:1.146
CALIBRE_TP_ENABLE=6850580
MMS_HOME=/home/tools/cadence/SPECTRE191
HOSTTYPE=x86_64-linux
SSH_AUTH_SOCK=/run/user/1001/keyring/ssh
SESSION_MANAGER=local/unix:@/tmp/.ICE-unix/83474,unix/unix:/tmp/.ICE-unix/83474
SNPSLMD_LICENSE_FILE=27020@10.15.89.201
USERNAME=user001
CDS_AHDL_REUSE_LIB=NO
GNOME_SHELL_SESSION_MODE=classic
SYN_HOME=/home/tools/synopsys/syn/O-2018.06-SP5-2
DESKTOP_SESSION=gnome-classic
MAIL=/var/spool/mail/user001
PATH=/usr/lib64/qt-3.3/bin:/usr/local/bin:/usr/local/sbin:/usr/bin:/usr/sbin:/bin:/sbin:/home/tools/synopsys/icc/O-2018.06-SP5-3/bin:/home/tools/synopsys/hspice/O-2018.09-SP1-1/bin:/home/tools/synopsys/lc/O-2018.06-SP5-1/bin:/home/tools/synopsys/mw/O-2018.06-SP5-3/bin:/home/tools/synopsys/pts/O-2018.06-SP5-2/bin:/home/tools/synopsys/starrc/O-2018.06-SP4-1/bin:/home/tools/synopsys/syn/O-2018.06-SP5-2/bin:/home/tools/synopsys/vcs/P-2019.06-SP1/bin:/home/tools/synopsys/verdi/Q-2020.03/bin:/home/tools/synopsys/spyglass/SPYGLASS2018.09-1/bin:/home/tools/synopsys/icvalidator/K-2015.12/bin:/home/tools/cadence/IC618/tools/bin:/home/tools/cadence/IC618/tools/dfII/bin:/home/tools/cadence/INNOVUS191/bin:/home/tools/cadence/INNOVUS191/tools/bin:/home/tools/cadence/SPECTRE191/bin:/home/tools/cadence/SPECTRE191/tools/bin:/home/tools/mentor/calibre/aoi_cal_2016.4_38.25/aoi_cal_2016.4_38.25/bin:/home/tools/synopsys/icc/O-2018.06-SP5-3/bin:/home/tools/synopsys/hspice/O-2018.09-SP1-1/bin:/home/tools/synopsys/lc/O-2018.06-SP5-1/bin:/home/tools/synopsys/mw/O-2018.06-SP5-3/bin:/home/tools/synopsys/pts/O-2018.06-SP5-2/bin:/home/tools/synopsys/starrc/O-2018.06-SP4-1/bin:/home/tools/synopsys/syn/O-2018.06-SP5-2/bin:/home/tools/synopsys/vcs/P-2019.06-SP1/bin:/home/tools/synopsys/verdi/Q-2020.03/bin:/home/tools/synopsys/spyglass/SPYGLASS2018.09-1/bin:/home/tools/synopsys/icvalidator/K-2015.12/bin:/home/tools/cadence/IC618/tools/bin:/home/tools/cadence/IC618/tools/dfII/bin:/home/tools/cadence/INNOVUS191/bin:/home/tools/cadence/INNOVUS191/tools/bin:/home/tools/cadence/SPECTRE191/bin:/home/tools/cadence/SPECTRE191/tools/bin:/home/tools/mentor/calibre/aoi_cal_2016.4_38.25/aoi_cal_2016.4_38.25/bin
CALIBRE_MP_D21_PARTITION_ENABLE=54901041
QT_IM_MODULE=ibus
VERDI_HOME=/home/tools/synopsys/verdi/Q-2020.03
MGC_CALIBRE_REALTIME_VIRTUOSO_NOT_USE_MESSAGER=1
XDG_SESSION_TYPE=x11
PWD=/home/user001/vlsi/lab1
DFIIHOME=/home/tools/cadence/IC618/tools
VCS_HOME=/home/tools/synopsys/vcs/P-2019.06-SP1
XMODIFIERS=@im=ibus
MW_HOME=/home/tools/synopsys/mw/O-2018.06-SP5-3
MENTOR_TOOLS_HOME=/home/tools/mentor
FINGER_NUM_RELEAXED=t
PTS_HOME=/home/tools/synopsys/pts/O-2018.06-SP5-2
LANG=en_US.UTF-8
GDM_LANG=en_US.UTF-8
ICC_HOME=/home/tools/synopsys/icc/O-2018.06-SP5-3
CDSHOME=/home/tools/cadence/IC618
CDS_Netlisting_Mode=Analog
CDS_MMSIM_VOLTUSFI_ROOT=/home/tools/cadence/IC618
GDMSESSION=gnome-classic
ROWCOL_NUM_RELAXED=1
SYNOPSYS_TOOLS_HOME=/home/tools/synopsys
SHLVL=3
HOME=/home/user001
XDG_SEAT=seat0
OSTYPE=linux
MGC_HOME=/home/tools/mentor/calibre/aoi_cal_2016.4_38.25/aoi_cal_2016.4_38.25
CDS_AUTO_64BIT=all
GNOME_DESKTOP_SESSION_ID=this-is-deprecated
VENDOR=unknown
XDG_SESSION_DESKTOP=gnome-classic
LOGNAME=user001
MACHTYPE=x86_64
MGLS_LICENSE_FILE=27200@10.15.89.162
SPYGLASS_HOME=/home/tools/synopsys/spyglass/SPYGLASS2018.09-1
OA_PLUGIN_PATH=/home/tools/mentor/calibre/aoi_cal_2016.4_38.25/aoi_cal_2016.4_38.25/shared/pkgs/icv/tools/queryskl
QTLIB=/usr/lib64/qt-3.3/lib
DBUS_SESSION_BUS_ADDRESS=unix:abstract=/tmp/dbus-kxC1jWQXgB,guid=35b27c31791f4ac5688d0ea76603d72e
CDS_LIC_TIMEOUT=360
XDG_DATA_DIRS=/home/user001/.local/share/flatpak/exports/share/:/var/lib/flatpak/exports/share/:/usr/local/share/:/usr/share/
CDS_LIC_FILE=5280@10.15.89.162
LESSOPEN=||/usr/bin/lesspipe.sh %s
HSPICE_HOME=/home/tools/synopsys/hspice/O-2018.09-SP1-1
WINDOWPATH=1:1
FGR_CACHE_TIMESTAMP_CHECK=ON
XDG_RUNTIME_DIR=/run/user/1001
MGC_CALIBRE_REALTIME_VIRTUOSO_ENABLED=1
DISPLAY=:0
LC_HOME=/home/tools/synopsys/lc/O-2018.06-SP5-1
XDG_CURRENT_DESKTOP=GNOME-Classic:GNOME
CADENCE_TOOLS_HOME=/home/tools/cadence
XAUTHORITY=/run/gdm/auth-for-user001-epye6n/database
COLORTERM=truecolor
_=./simv
VCS_HEAP_EXEC=true
VCS_PATHMAP_PRELOAD_DONE=1
VCS_STACK_EXEC=true
VCS_EXEC_DONE=1
LC_ALL=C
DVE=/home/tools/synopsys/vcs/P-2019.06-SP1/gui/dve
SPECMAN_OUTPUT_TO_TTY=1
Runtime command line arguments:
argv[0]=./simv
268 profile - 100
          CPU/Mem usage: 0.060 sys,  0.280 user,  200.88M mem
269 Elapsed time:    0:00:00    Wed Mar 27 21:39:07 2024
270 pliAppInit
271 FSDB_GATE is set.
272 FSDB_RTL is set.
273 FSDB_RTL is set.
274 FSDB_FIELDTYPE is set.
275 Enable Parallel Dumping.
276 pliAppMiscSet: New Sim Round
277 pliEntryInit
278 LIBSSCORE=found /home/tools/synopsys/verdi/Q-2020.03/share/PLI/lib/LINUXAMD64/libsscore_vcs201809.so through $NOVAS_HOME setting.
279 FSDB Dumper for VCS, Release Verdi_Q-2020.03, Linux x86_64/64bit, 02/09/2020
280 (C) 1996 - 2020 by Synopsys, Inc.
281 sps_call_fsdbDumpfile_main at 0 : multiplier_tb.v(13)
282 argv[0]: (sim.fsdb)
283 *Verdi* FSDB WARNING: The FSDB file already exists. Overwriting the FSDB file may crash the programs that are using this file.
284 *Verdi* : Create FSDB file 'sim.fsdb'
285 compile option from '/home/user001/vlsi/lab1/simv.daidir/vcs_rebuild'.
286   "vcs 'multiplier_tb.v' 'multiplier.v' 'half_adder.v' 'full_adder.v' '-full64' '-kdb' '-debug_acc+r' 2>&1"
287 DVDI_is_vir_unload_enabled is disable
288 FSDB_VCS_ENABLE_FAST_VC is enable
289 sps_call_fsdbDumpvars_vd_main at 0 : multiplier_tb.v(14)
290 [spi_vcs_vd_ppi_create_root]: no upf option
291 FSDB dumper cannot dump UPF related power signal ($power_tree): no ppiPowerNetwork.
292 *Verdi* : Begin traversing the scopes, layer (0).
293 *Verdi* : End of traversing.
294 pliAppHDL_DumpVarComplete traverse var: profile - 
          CPU/Mem usage: 0.090 sys,  0.290 user,  300.35M mem
                   incr: 0.010 sys,  0.010 user,  7.72M mem
                   accu: 0.010 sys,  0.010 user,  7.72M mem
              accu incr: 0.010 sys,  0.010 user,  7.72M mem

          Count usage: 150 var,  88 idcode,  2 callback
                 incr: 150 var,  88 idcode,  2 callback
                 accu: 150 var,  88 idcode,  2 callback
            accu incr: 150 var,  88 idcode,  2 callback
295 Elapsed time:    0:00:01    Wed Mar 27 21:39:08 2024
296 pliAppHDL_DumpVarComplete: profile - 
          CPU/Mem usage: 0.090 sys,  0.290 user,  301.40M mem
                   incr: 0.000 sys,  0.000 user,  1.05M mem
                   accu: 0.010 sys,  0.010 user,  8.77M mem
              accu incr: 0.000 sys,  0.000 user,  1.05M mem

          Count usage: 150 var,  88 idcode,  2 callback
                 incr: 0 var,  0 idcode,  0 callback
                 accu: 150 var,  88 idcode,  2 callback
            accu incr: 0 var,  0 idcode,  0 callback
297 Elapsed time:    0:00:01    Wed Mar 27 21:39:08 2024
298 End of simulation at 100000
299 Elapsed time:    0:00:01    Wed Mar 27 21:39:08 2024
300 Begin FSDB profile info:
301 FSDB Writer : bc1(0) bcn(17) mtf/stf(0/0)
FSDB Writer elapsed time : flush(0.009378) io wait(0.000000) theadpool wait(0.000000)
FSDB Writer cpu time : MT Compression : 0
302 End FSDB profile info
303 Parallel profile     - ProducerThread:1 ConsumerThread:1 Buffer:64MB
304                      - BlockUsed:1 Acquire:25 BufferUsed:400
305                      - Flush:3 Expand:0 ProducerWait:0 ConsumerWait:0
306                      - MainProducerTime:0.391513013 TotalConsumerTime:0.000000000
307                      - ElapsedTime:0.115587000
308 Producer   0 profile - BlockUsed:1 Acquire:25 BufferUsed:400
309 Consumer   0 profile - Affinity:-1 CPUTime:0.000000000 LifeTime:0.000000000 (-nan%)
310                      - BlockUsed:1 Acquire:25 BufferUsed:400
311 SimExit
312 Elapsed time:    0:00:01    Wed Mar 27 21:39:08 2024
313 Sim process exit
