 
****************************************
Report : constraint
        -all_violators
        -max_delay
Design : mmForMLP
Version: O-2018.06-SP5-3
Date   : Sun May 26 22:31:15 2024
****************************************

	Parasitic source    : LPE
	Parasitic mode      : RealRVirtualC
	Extraction mode     : MIN_MAX
	Extraction derating : -40/25/125

   max_delay/setup ('MEM2REG' group)

                             Required        Actual
   Endpoint                 Path Delay     Path Delay        Slack
   -----------------------------------------------------------------
   partialSum_reg[31]/D         3.09           7.13 f        -4.04  (VIOLATED)
   partialSum_reg[34]/D         3.08           7.11 f        -4.03  (VIOLATED)
   partialSum_reg[30]/D         3.11           7.12 r        -4.00  (VIOLATED)
   partialSum_reg[32]/D         3.15           7.13 r        -3.99  (VIOLATED)
   partialSum_reg[35]/D         3.09           7.07 r        -3.98  (VIOLATED)
   partialSum_reg[29]/D         3.09           7.06 r        -3.97  (VIOLATED)
   partialSum_reg[33]/D         3.16           7.10 f        -3.95  (VIOLATED)
   partialSum_reg[28]/D         3.05           6.98 r        -3.93  (VIOLATED)
   partialSum_reg[22]/D         3.04           6.79 r        -3.74  (VIOLATED)
   partialSum_reg[21]/D         3.09           6.82 f        -3.74  (VIOLATED)
   partialSum_reg[25]/D         3.08           6.81 f        -3.73  (VIOLATED)
   partialSum_reg[26]/D         3.05           6.78 r        -3.73  (VIOLATED)
   partialSum_reg[24]/D         3.04           6.77 r        -3.73  (VIOLATED)
   partialSum_reg[23]/D         3.04           6.77 r        -3.72  (VIOLATED)
   partialSum_reg[27]/D         3.09           6.79 f        -3.71  (VIOLATED)
   partialSum_reg[20]/D         3.09           6.79 r        -3.70  (VIOLATED)
   partialSum_reg[18]/D         3.11           6.68 r        -3.57  (VIOLATED)
   partialSum_reg[19]/D         3.12           6.66 r        -3.55  (VIOLATED)
   partialSum_reg[17]/D         3.10           6.64 r        -3.53  (VIOLATED)
   partialSum_reg[14]/D         3.00           6.52 r        -3.52  (VIOLATED)
   partialSum_reg[15]/D         3.08           6.56 r        -3.48  (VIOLATED)
   partialSum_reg[13]/D         3.00           6.38 r        -3.38  (VIOLATED)
   partialSum_reg[16]/D         3.09           6.46 r        -3.37  (VIOLATED)
   partialSum_reg[12]/D         3.15           6.37 r        -3.23  (VIOLATED)
   partialSum_reg[10]/D         3.07           6.28 r        -3.20  (VIOLATED)
   partialSum_reg[11]/D         3.15           6.35 r        -3.20  (VIOLATED)
   partialSum_reg[9]/D          2.99           6.08 r        -3.09  (VIOLATED)
   partialSum_reg[8]/D          3.06           6.01 f        -2.95  (VIOLATED)
   partialSum_reg[7]/D          3.14           5.93 f        -2.79  (VIOLATED)
   partialSum_reg[6]/D          3.06           5.79 r        -2.73  (VIOLATED)
   partialSum_reg[5]/D          3.14           5.78 f        -2.64  (VIOLATED)
   partialSum_reg[3]/D          3.07           5.63 r        -2.56  (VIOLATED)
   partialSum_reg[4]/D          3.15           5.67 r        -2.52  (VIOLATED)
   partialSum_reg[2]/D          3.16           5.34 r        -2.19  (VIOLATED)
   partialSum_reg[1]/D          3.14           4.59 f        -1.46  (VIOLATED)
   partialSum_reg[0]/D          3.04           3.10 r        -0.06  (VIOLATED)


   max_delay/setup ('OUTPUTS' group)

                             Required        Actual
   Endpoint                 Path Delay     Path Delay        Slack
   -----------------------------------------------------------------
   load_ready                   1.35           3.27 f        -1.91  (VIOLATED)
   result_payload[14]           1.35           2.69 f        -1.34  (VIOLATED)
   result_payload[15]           1.35           2.67 f        -1.31  (VIOLATED)
   result_payload[6]            1.35           2.56 f        -1.21  (VIOLATED)
   result_payload[8]            1.35           2.42 f        -1.07  (VIOLATED)
   result_payload[4]            1.35           2.38 f        -1.03  (VIOLATED)
   result_payload[0]            1.35           2.32 f        -0.96  (VIOLATED)
   result_payload[13]           1.35           2.25 f        -0.90  (VIOLATED)
   result_payload[2]            1.35           2.16 r        -0.81  (VIOLATED)
   result_payload[12]           1.35           2.13 f        -0.78  (VIOLATED)
   result_payload[11]           1.35           2.10 f        -0.75  (VIOLATED)
   result_payload[9]            1.35           2.10 f        -0.75  (VIOLATED)
   result_payload[10]           1.35           2.10 f        -0.75  (VIOLATED)
   result_payload[3]            1.35           2.08 f        -0.72  (VIOLATED)
   result_payload[5]            1.35           2.06 f        -0.71  (VIOLATED)
   result_payload[1]            1.35           2.05 f        -0.69  (VIOLATED)
   result_payload[7]            1.35           2.02 f        -0.67  (VIOLATED)
   start_ready                  1.35           1.96 r        -0.60  (VIOLATED)
   init_ready                   1.35           1.54 r        -0.19  (VIOLATED)


   max_delay/setup ('REG2MEM' group)

                             Required        Actual
   Endpoint                 Path Delay     Path Delay        Slack
   -----------------------------------------------------------------
   memForAorB_1/ram1rw_4/ram/ME     1.64       4.06 f        -2.42  (VIOLATED)
   memForWeight_1/ram1rw_4/ram/ME     1.59     3.81 f        -2.22  (VIOLATED)
   memForAorB_1/ram1rw_4/ram/ADR[7]     2.41     4.41 f      -2.00  (VIOLATED)
   memForAorB_1/ram1rw_4/ram/ADR[6]     2.42     4.42 f      -2.00  (VIOLATED)
   memForAorB_0/ram1rw_4/ram/ME     1.75       3.72 f        -1.97  (VIOLATED)
   memForAorB_1/ram1rw_4/ram/ADR[2]     2.51     4.47 f      -1.97  (VIOLATED)
   memForAorB_1/ram1rw_4/ram/ADR[0]     2.51     4.47 f      -1.96  (VIOLATED)
   memForAorB_1/ram1rw_4/ram/ADR[3]     2.52     4.48 f      -1.96  (VIOLATED)
   memForAorB_1/ram1rw_4/ram/ADR[1]     2.52     4.48 f      -1.96  (VIOLATED)
   memForWeight_1/ram1rw_4/ram/ADR[4]     2.41     4.13 f    -1.72  (VIOLATED)
   memForWeight_1/ram1rw_4/ram/ADR[7]     2.41     4.13 f    -1.72  (VIOLATED)
   memForWeight_1/ram1rw_4/ram/ADR[5]     2.42     4.13 f    -1.71  (VIOLATED)
   memForAorB_1/ram1rw_4/ram/D[5]     2.64     4.34 f        -1.70  (VIOLATED)
   memForAorB_1/ram1rw_4/ram/D[2]     2.64     4.34 f        -1.70  (VIOLATED)
   memForAorB_1/ram1rw_4/ram/D[6]     2.64     4.33 f        -1.69  (VIOLATED)
   memForAorB_1/ram1rw_4/ram/D[4]     2.64     4.33 f        -1.69  (VIOLATED)
   memForWeight_1/ram1rw_4/ram/ADR[6]     2.42     4.09 r    -1.67  (VIOLATED)
   memForAorB_1/ram1rw_4/ram/D[0]     2.64     4.31 f        -1.67  (VIOLATED)
   memForAorB_1/ram1rw_4/ram/D[1]     2.64     4.31 f        -1.67  (VIOLATED)
   memForWeight_1/ram1rw_4/ram/ADR[9]     2.45     4.12 f    -1.66  (VIOLATED)
   memForAorB_1/ram1rw_4/ram/D[8]     2.65     4.31 f        -1.66  (VIOLATED)
   memForAorB_1/ram1rw_4/ram/D[7]     2.64     4.29 f        -1.65  (VIOLATED)
   memForAorB_1/ram1rw_4/ram/D[3]     2.65     4.28 f        -1.64  (VIOLATED)
   memForAorB_1/ram1rw_4/ram/ADR[4]     2.48     4.11 f      -1.63  (VIOLATED)
   memForAorB_1/ram1rw_4/ram/D[11]     2.63     4.25 f       -1.62  (VIOLATED)
   memForAorB_1/ram1rw_4/ram/ADR[5]     2.49     4.11 f      -1.61  (VIOLATED)
   memForAorB_1/ram1rw_4/ram/D[12]     2.64     4.24 f       -1.60  (VIOLATED)
   memForWeight_1/ram1rw_4/ram/ADR[8]     2.44     4.05 f    -1.60  (VIOLATED)
   memForAorB_1/ram1rw_4/ram/D[10]     2.64     4.23 f       -1.59  (VIOLATED)
   memForAorB_1/ram1rw_4/ram/D[14]     2.64     4.22 f       -1.58  (VIOLATED)
   memForAorB_1/ram1rw_4/ram/D[13]     2.64     4.21 f       -1.57  (VIOLATED)
   memForAorB_1/ram1rw_4/ram/D[9]     2.65     4.20 f        -1.55  (VIOLATED)
   memForAorB_1/ram1rw_4/ram/D[15]     2.60     4.12 f       -1.51  (VIOLATED)
   memForAorB_0/ram1rw_4/ram/ADR[2]     2.53     3.91 f      -1.38  (VIOLATED)
   memForAorB_0/ram1rw_4/ram/ADR[0]     2.54     3.91 f      -1.38  (VIOLATED)
   memForAorB_0/ram1rw_4/ram/ADR[3]     2.54     3.91 f      -1.37  (VIOLATED)
   memForAorB_0/ram1rw_4/ram/ADR[1]     2.54     3.91 f      -1.37  (VIOLATED)
   memForWeight_1/ram1rw_4/ram/ADR[2]     2.40     3.76 f    -1.36  (VIOLATED)
   memForWeight_1/ram1rw_4/ram/ADR[0]     2.41     3.76 f    -1.36  (VIOLATED)
   memForWeight_1/ram1rw_4/ram/ADR[1]     2.42     3.76 f    -1.34  (VIOLATED)
   memForWeight_1/ram1rw_4/ram/ADR[3]     2.42     3.76 f    -1.34  (VIOLATED)
   memForAorB_0/ram1rw_4/ram/D[11]     2.60     3.90 f       -1.30  (VIOLATED)
   memForAorB_0/ram1rw_4/ram/D[13]     2.60     3.89 f       -1.30  (VIOLATED)
   memForAorB_0/ram1rw_4/ram/D[3]     2.60     3.87 f        -1.28  (VIOLATED)
   memForAorB_0/ram1rw_4/ram/D[14]     2.60     3.87 f       -1.28  (VIOLATED)
   memForAorB_0/ram1rw_4/ram/D[4]     2.60     3.86 f        -1.26  (VIOLATED)
   memForAorB_0/ram1rw_4/ram/D[0]     2.62     3.87 f        -1.25  (VIOLATED)
   memForAorB_0/ram1rw_4/ram/ADR[4]     2.51     3.76 f      -1.25  (VIOLATED)
   memForAorB_0/ram1rw_4/ram/D[12]     2.60     3.84 f       -1.25  (VIOLATED)
   memForAorB_0/ram1rw_4/ram/D[5]     2.60     3.85 f        -1.25  (VIOLATED)
   memForAorB_0/ram1rw_4/ram/D[1]     2.62     3.86 f        -1.24  (VIOLATED)
   memForAorB_0/ram1rw_4/ram/D[9]     2.61     3.85 f        -1.24  (VIOLATED)
   memForAorB_0/ram1rw_4/ram/D[2]     2.62     3.86 f        -1.24  (VIOLATED)
   memForAorB_0/ram1rw_4/ram/D[8]     2.61     3.84 f        -1.23  (VIOLATED)
   memForAorB_0/ram1rw_4/ram/D[6]     2.61     3.84 f        -1.23  (VIOLATED)
   memForAorB_0/ram1rw_4/ram/D[7]     2.61     3.84 f        -1.23  (VIOLATED)
   memForAorB_0/ram1rw_4/ram/ADR[5]     2.53     3.75 f      -1.23  (VIOLATED)
   memForAorB_0/ram1rw_4/ram/ADR[7]     2.52     3.74 f      -1.22  (VIOLATED)
   memForAorB_0/ram1rw_4/ram/ADR[6]     2.54     3.74 f      -1.21  (VIOLATED)
   memForAorB_0/ram1rw_4/ram/D[10]     2.62     3.83 f       -1.20  (VIOLATED)
   memForAorB_1/ram1rw_4/ram/WE     2.38       3.54 f        -1.16  (VIOLATED)
   memForWeight_1/ram1rw_4/ram/WE     2.38     3.49 f        -1.11  (VIOLATED)
   memForAorB_0/ram1rw_4/ram/WE     2.47       3.39 f        -0.92  (VIOLATED)
   memForAorB_0/ram1rw_4/ram/D[15]     2.62     3.44 f       -0.82  (VIOLATED)
   memForWeight_0/ram1rw_4/ram/ADR[8]     2.45     2.98 f    -0.53  (VIOLATED)
   memForWeight_0/ram1rw_4/ram/ME     1.67     1.78 r        -0.11  (VIOLATED)


   max_delay/setup ('REG2REG' group)

                             Required        Actual
   Endpoint                 Path Delay     Path Delay        Slack
   -----------------------------------------------------------------
   partialSum_reg[31]/D         3.09           7.85 f        -4.76  (VIOLATED)
   partialSum_reg[34]/D         3.08           7.83 f        -4.75  (VIOLATED)
   partialSum_reg[30]/D         3.11           7.84 r        -4.73  (VIOLATED)
   partialSum_reg[32]/D         3.15           7.86 r        -4.71  (VIOLATED)
   partialSum_reg[35]/D         3.09           7.80 r        -4.71  (VIOLATED)
   partialSum_reg[29]/D         3.09           7.78 r        -4.70  (VIOLATED)
   partialSum_reg[33]/D         3.16           7.83 f        -4.67  (VIOLATED)
   partialSum_reg[28]/D         3.05           7.70 r        -4.65  (VIOLATED)
   partialSum_reg[24]/D         3.04           7.54 r        -4.49  (VIOLATED)
   partialSum_reg[14]/D         3.00           7.49 r        -4.49  (VIOLATED)
   partialSum_reg[21]/D         3.09           7.57 f        -4.48  (VIOLATED)
   partialSum_reg[23]/D         3.04           7.52 r        -4.48  (VIOLATED)
   partialSum_reg[22]/D         3.04           7.52 r        -4.48  (VIOLATED)
   partialSum_reg[26]/D         3.05           7.52 r        -4.47  (VIOLATED)
   partialSum_reg[25]/D         3.08           7.55 f        -4.47  (VIOLATED)
   partialSum_reg[27]/D         3.09           7.55 f        -4.47  (VIOLATED)
   partialSum_reg[20]/D         3.09           7.55 r        -4.46  (VIOLATED)
   partialSum_reg[15]/D         3.08           7.53 r        -4.45  (VIOLATED)
   partialSum_reg[17]/D         3.07           7.48 f        -4.40  (VIOLATED)
   partialSum_reg[18]/D         3.08           7.44 f        -4.36  (VIOLATED)
   partialSum_reg[13]/D         3.00           7.34 r        -4.35  (VIOLATED)
   partialSum_reg[16]/D         3.09           7.41 r        -4.32  (VIOLATED)
   partialSum_reg[19]/D         3.09           7.37 f        -4.28  (VIOLATED)
   partialSum_reg[12]/D         3.15           7.34 r        -4.19  (VIOLATED)
   partialSum_reg[10]/D         3.07           7.24 r        -4.17  (VIOLATED)
   partialSum_reg[11]/D         3.15           7.32 r        -4.16  (VIOLATED)
   partialSum_reg[9]/D          2.99           7.05 r        -4.07  (VIOLATED)
   partialSum_reg[8]/D          3.06           6.98 f        -3.92  (VIOLATED)
   partialSum_reg[7]/D          3.14           6.89 f        -3.76  (VIOLATED)
   partialSum_reg[6]/D          3.06           6.76 r        -3.70  (VIOLATED)
   partialSum_reg[5]/D          3.14           6.74 f        -3.61  (VIOLATED)
   partialSum_reg[3]/D          3.07           6.60 r        -3.53  (VIOLATED)
   partialSum_reg[4]/D          3.15           6.64 r        -3.49  (VIOLATED)
   partialSum_reg[2]/D          3.16           6.37 r        -3.22  (VIOLATED)
   partialSum_reg[1]/D          3.14           5.45 f        -2.31  (VIOLATED)
   fsm_cnt16_value_reg[3]/D     3.03           4.80 r        -1.77  (VIOLATED)
   fsm_cnt16_value_reg[2]/D     3.02           4.73 r        -1.71  (VIOLATED)
   fsm_cnt16_value_reg[1]/D     3.05           4.60 r        -1.55  (VIOLATED)
   fsm_cnt16_value_reg[0]/D     2.99           4.42 r        -1.44  (VIOLATED)
   partialSum_reg[0]/D          3.04           4.13 r        -1.09  (VIOLATED)
   fsm_stateReg_reg[0]/D        3.04           3.98 f        -0.94  (VIOLATED)
   fsm_stateReg_reg[3]/D        3.07           3.64 r        -0.57  (VIOLATED)
   fsm_stateReg_reg[2]/D        3.07           3.55 f        -0.48  (VIOLATED)
   fsm_cntGP_value_reg[7]/D     3.06           3.48 r        -0.42  (VIOLATED)
   fsm_cntGP_value_reg[6]/D     3.07           3.44 r        -0.37  (VIOLATED)
   fsm_cntLayers_value_reg[2]/D     2.99       3.32 f        -0.33  (VIOLATED)
   fsm_cntLayers_value_reg[0]/D     2.97       3.25 r        -0.28  (VIOLATED)
   fsm_cntGP_value_reg[5]/D     3.10           3.34 f        -0.23  (VIOLATED)
   fsmCtrlSig_weightValid_reg/D     3.10       3.26 f        -0.16  (VIOLATED)


1
