Information: Updating graph... (UID-83)
Information: Updating design information... (UID-85)
 
****************************************
Report : timing
        -path full
        -delay max
        -nworst 2
        -input_pins
        -nets
        -max_paths 2
        -transition_time
        -capacitance
Design : mmForMLP
Version: O-2018.06-SP5-3
Date   : Sun May 19 22:26:36 2024
****************************************

 * Some/all delay information is back-annotated.

Operating Conditions: 125CSS1P08   Library: M31GPSC900HL055PR_125CSS1P08_cworst_ccs

  Startpoint: load_payload[6]
              (input port clocked by Int_clk)
  Endpoint: memForAorB_0/ram1rw_4/ram
            (rising edge-triggered flip-flop clocked by Int_clk)
  Path Group: INPUTS
  Path Type: max

  Point                                       Fanout       Cap     Trans      Incr       Path
  ----------------------------------------------------------------------------------------------
  clock Int_clk (rise edge)                                                   0.00       0.00
  clock network delay (ideal)                                                 0.55       0.55
  input external delay                                                        0.90       1.45 f
  load_payload[6] (in)                                              0.00      0.00       1.45 f
  load_payload[6] (net)                         1         0.01                0.00       1.45 f
  U3284/I (CLKBUFX2AR9)                                             0.00      0.00 *     1.45 f
  U3284/O (CLKBUFX2AR9)                                             0.24      0.19       1.64 f
  n3184 (net)                                   2         0.04                0.00       1.64 f
  U2699/I (INVX05AR9)                                               0.24      0.00 *     1.64 f
  U2699/O (INVX05AR9)                                               0.15      0.16       1.80 r
  n2455 (net)                                   1         0.01                0.00       1.80 r
  U2327/C2 (OAI112X05AR9)                                           0.15      0.00 *     1.80 r
  U2327/O (OAI112X05AR9)                                            0.22      0.20       2.00 f
  memForAorB_0_D[6] (net)                       1         0.00                0.00       2.00 f
  U3238/I (BUFX4AR9)                                                0.22      0.00 *     2.00 f
  U3238/O (BUFX4AR9)                                                0.04      0.12       2.12 f
  n3236 (net)                                   1         0.01                0.00       2.12 f
  memForAorB_0/ram1rw_4/ram/D[6] (mem55lpw256d16sp)                 0.04      0.00 *     2.12 f
  data arrival time                                                                      2.12

  clock Int_clk (rise edge)                                                   3.00       3.00
  clock network delay (ideal)                                                 0.55       3.55
  clock uncertainty                                                          -0.30       3.25
  memForAorB_0/ram1rw_4/ram/CLK (mem55lpw256d16sp)                            0.00       3.25 r
  library setup time                                                         -0.48       2.77
  data required time                                                                     2.77
  ----------------------------------------------------------------------------------------------
  data required time                                                                     2.77
  data arrival time                                                                     -2.12
  ----------------------------------------------------------------------------------------------
  slack (MET)                                                                            0.65


  Startpoint: load_payload[7]
              (input port clocked by Int_clk)
  Endpoint: memForAorB_0/ram1rw_4/ram
            (rising edge-triggered flip-flop clocked by Int_clk)
  Path Group: INPUTS
  Path Type: max

  Point                                       Fanout       Cap     Trans      Incr       Path
  ----------------------------------------------------------------------------------------------
  clock Int_clk (rise edge)                                                   0.00       0.00
  clock network delay (ideal)                                                 0.55       0.55
  input external delay                                                        0.90       1.45 f
  load_payload[7] (in)                                              0.00      0.00       1.45 f
  load_payload[7] (net)                         1         0.01                0.00       1.45 f
  U3286/I (CLKBUFX2AR9)                                             0.00      0.00 *     1.45 f
  U3286/O (CLKBUFX2AR9)                                             0.26      0.20       1.65 f
  n3186 (net)                                   2         0.05                0.00       1.65 f
  U2700/I (INVX05AR9)                                               0.26      0.00 *     1.65 f
  U2700/O (INVX05AR9)                                               0.14      0.14       1.80 r
  n2458 (net)                                   1         0.00                0.00       1.80 r
  U2326/C2 (OAI112X05AR9)                                           0.14      0.00 *     1.80 r
  U2326/O (OAI112X05AR9)                                            0.14      0.14       1.94 f
  memForAorB_0_D[7] (net)                       1         0.00                0.00       1.94 f
  U3236/I (BUFX1AR9)                                                0.14      0.00 *     1.94 f
  U3236/O (BUFX1AR9)                                                0.10      0.16       2.10 f
  n3235 (net)                                   1         0.01                0.00       2.10 f
  memForAorB_0/ram1rw_4/ram/D[7] (mem55lpw256d16sp)                 0.10      0.00 *     2.10 f
  data arrival time                                                                      2.10

  clock Int_clk (rise edge)                                                   3.00       3.00
  clock network delay (ideal)                                                 0.55       3.55
  clock uncertainty                                                          -0.30       3.25
  memForAorB_0/ram1rw_4/ram/CLK (mem55lpw256d16sp)                            0.00       3.25 r
  library setup time                                                         -0.49       2.76
  data required time                                                                     2.76
  ----------------------------------------------------------------------------------------------
  data required time                                                                     2.76
  data arrival time                                                                     -2.10
  ----------------------------------------------------------------------------------------------
  slack (MET)                                                                            0.66


  Startpoint: memForWeight_0/ram1rw_4/ram
              (rising edge-triggered flip-flop clocked by Int_clk)
  Endpoint: partialSum_reg[20]
            (rising edge-triggered flip-flop clocked by Int_clk)
  Path Group: MEM2REG
  Path Type: max

  Point                                       Fanout       Cap     Trans      Incr       Path
  ----------------------------------------------------------------------------------------------
  clock Int_clk (rise edge)                                                   0.00       0.00
  clock network delay (ideal)                                                 0.55       0.55
  memForWeight_0/ram1rw_4/ram/CLK (mem55lpw1024d16sp)               0.08      0.00       0.55 r
  memForWeight_0/ram1rw_4/ram/Q[5] (mem55lpw1024d16sp)              0.09      1.68       2.23 f
  memForWeight_0_Q[5] (net)                     2         0.02                0.00       2.23 f
  U660/I1 (NAND2X8AR9)                                              0.09      0.00 *     2.23 f
  U660/O (NAND2X8AR9)                                               0.09      0.09       2.31 r
  n921 (net)                                    5         0.05                0.00       2.31 r
  U4142/I1 (NAND2X8OAR9)                                            0.10      0.02 *     2.33 r
  U4142/O (NAND2X8OAR9)                                             0.06      0.06       2.39 f
  n4558 (net)                                   2         0.02                0.00       2.39 f
  U791/I2 (XNOR2X1AR9)                                              0.06      0.00 *     2.40 f
  U791/O (XNOR2X1AR9)                                               0.08      0.16       2.56 f
  n1787 (net)                                   2         0.01                0.00       2.56 f
  U1870/I1 (CLKOR2X2AR9)                                            0.08      0.00 *     2.56 f
  U1870/O (CLKOR2X2AR9)                                             0.05      0.10       2.66 f
  n4658 (net)                                   1         0.01                0.00       2.66 f
  U1867/I1 (CLKNAND2X6AR9)                                          0.05      0.00 *     2.66 f
  U1867/O (CLKNAND2X6AR9)                                           0.09      0.07       2.73 r
  n4657 (net)                                   2         0.02                0.00       2.73 r
  U2938/I (CLKINVX2AR9)                                             0.09      0.00 *     2.73 r
  U2938/O (CLKINVX2AR9)                                             0.03      0.03       2.77 f
  n3562 (net)                                   1         0.00                0.00       2.77 f
  U2937/I2 (AND2X2AR9)                                              0.03      0.00 *     2.77 f
  U2937/O (AND2X2AR9)                                               0.05      0.09       2.86 f
  n219 (net)                                    2         0.01                0.00       2.86 f
  U3332/I2 (NOR3X2AR9)                                              0.05      0.00 *     2.86 f
  U3332/O (NOR3X2AR9)                                               0.13      0.11       2.97 r
  n3738 (net)                                   1         0.00                0.00       2.97 r
  U3339/I (INVX2AR9)                                                0.13      0.00 *     2.97 r
  U3339/O (INVX2AR9)                                                0.05      0.05       3.02 f
  n3647 (net)                                   1         0.00                0.00       3.02 f
  U3440/I1 (NAND2X4AR9)                                             0.05      0.00 *     3.02 f
  U3440/O (NAND2X4AR9)                                              0.07      0.05       3.08 r
  n1412 (net)                                   4         0.01                0.00       3.08 r
  U3868/I (CLKINVX2AR9)                                             0.07      0.00 *     3.08 r
  U3868/O (CLKINVX2AR9)                                             0.03      0.04       3.12 f
  n4190 (net)                                   1         0.00                0.00       3.12 f
  U3866/I2 (NAND2X3AR9)                                             0.03      0.00 *     3.12 f
  U3866/O (NAND2X3AR9)                                              0.04      0.04       3.16 r
  n4192 (net)                                   1         0.00                0.00       3.16 r
  U3867/I2 (NAND2X3AR9)                                             0.04      0.00 *     3.16 r
  U3867/O (NAND2X3AR9)                                              0.05      0.05       3.20 f
  n1387 (net)                                   2         0.01                0.00       3.20 f
  U1351/I (CLKINVX2AR9)                                             0.05      0.00 *     3.20 f
  U1351/O (CLKINVX2AR9)                                             0.04      0.04       3.24 r
  n1794 (net)                                   1         0.00                0.00       3.24 r
  U1309/I2 (CLKNAND2X4AR9)                                          0.04      0.00 *     3.24 r
  U1309/O (CLKNAND2X4AR9)                                           0.04      0.05       3.29 f
  n1957 (net)                                   1         0.01                0.00       3.29 f
  U1323/I2 (NAND2X6AR9)                                             0.04      0.00 *     3.29 f
  U1323/O (NAND2X6AR9)                                              0.06      0.05       3.34 r
  n1279 (net)                                   3         0.02                0.00       3.34 r
  U410/I (CLKINVX2AR9)                                              0.06      0.00 *     3.35 r
  U410/O (CLKINVX2AR9)                                              0.03      0.04       3.39 f
  n714 (net)                                    1         0.00                0.00       3.39 f
  U1468/I1 (NAND2X3AR9)                                             0.03      0.00 *     3.39 f
  U1468/O (NAND2X3AR9)                                              0.04      0.04       3.42 r
  n1082 (net)                                   2         0.01                0.00       3.42 r
  U3549/I2 (NAND2X2AR9)                                             0.04      0.00 *     3.42 r
  U3549/O (NAND2X2AR9)                                              0.04      0.05       3.47 f
  n3838 (net)                                   1         0.00                0.00       3.47 f
  U3551/I (INVX2AR9)                                                0.04      0.00 *     3.47 f
  U3551/O (INVX2AR9)                                                0.03      0.03       3.50 r
  n3839 (net)                                   1         0.00                0.00       3.50 r
  U3550/I1 (NAND2X2AR9)                                             0.03      0.00 *     3.50 r
  U3550/O (NAND2X2AR9)                                              0.05      0.05       3.55 f
  n474 (net)                                    1         0.00                0.00       3.55 f
  U3395/I2 (CLKNAND2X4AR9)                                          0.05      0.00 *     3.55 f
  U3395/O (CLKNAND2X4AR9)                                           0.08      0.07       3.62 r
  n4168 (net)                                   2         0.01                0.00       3.62 r
  U1928/I1 (NOR2X4OAR9)                                             0.08      0.00 *     3.62 r
  U1928/O (NOR2X4OAR9)                                              0.06      0.06       3.68 f
  n2014 (net)                                   3         0.02                0.00       3.68 f
  U374/I2 (NOR2X2OAR9)                                              0.06      0.00 *     3.68 f
  U374/O (NOR2X2OAR9)                                               0.05      0.06       3.74 r
  n193 (net)                                    1         0.00                0.00       3.74 r
  U687/I1 (NAND2X2OAR9)                                             0.05      0.00 *     3.74 r
  U687/O (NAND2X2OAR9)                                              0.04      0.04       3.78 f
  n799 (net)                                    1         0.00                0.00       3.78 f
  U1259/I1 (NOR2X4OAR9)                                             0.04      0.00 *     3.78 f
  U1259/O (NOR2X4OAR9)                                              0.07      0.06       3.84 r
  n1261 (net)                                   1         0.01                0.00       3.84 r
  U1455/I2 (NAND2X8AR9)                                             0.07      0.00 *     3.84 r
  U1455/O (NAND2X8AR9)                                              0.04      0.05       3.89 f
  n1267 (net)                                   1         0.01                0.00       3.89 f
  U1833/I1 (NAND2X8OAR9)                                            0.04      0.00 *     3.89 f
  U1833/O (NAND2X8OAR9)                                             0.10      0.07       3.96 r
  n1442 (net)                                   3         0.05                0.00       3.96 r
  U4300/I (CLKINVX8AR9)                                             0.11      0.02 *     3.98 r
  U4300/O (CLKINVX8AR9)                                             0.05      0.06       4.04 f
  n4932 (net)                                   2         0.03                0.00       4.04 f
  U4046/I1 (XNOR2X2AR9)                                             0.05      0.00 *     4.05 f
  U4046/O (XNOR2X2AR9)                                              0.06      0.17       4.22 r
  n2377 (net)                                   1         0.00                0.00       4.22 r
  U869/I1 (NAND2X2OAR9)                                             0.06      0.00 *     4.22 r
  U869/O (NAND2X2OAR9)                                              0.04      0.04       4.26 f
  n246 (net)                                    1         0.00                0.00       4.26 f
  U2908/A1 (OAI12B2X2AR9)                                           0.04      0.00 *     4.26 f
  U2908/O (OAI12B2X2AR9)                                            0.05      0.04       4.29 r
  n162 (net)                                    1         0.00                0.00       4.29 r
  partialSum_reg[20]/D (DFFRBQBX4J1AR9)                             0.05      0.00 *     4.29 r
  data arrival time                                                                      4.29

  clock Int_clk (rise edge)                                                   3.00       3.00
  clock network delay (ideal)                                                 0.55       3.55
  clock uncertainty                                                          -0.30       3.25
  partialSum_reg[20]/CK (DFFRBQBX4J1AR9)                                      0.00       3.25 r
  library setup time                                                         -0.01       3.24
  data required time                                                                     3.24
  ----------------------------------------------------------------------------------------------
  data required time                                                                     3.24
  data arrival time                                                                     -4.29
  ----------------------------------------------------------------------------------------------
  slack (VIOLATED)                                                                      -1.05


  Startpoint: memForWeight_1/ram1rw_4/ram
              (rising edge-triggered flip-flop clocked by Int_clk)
  Endpoint: partialSum_reg[20]
            (rising edge-triggered flip-flop clocked by Int_clk)
  Path Group: MEM2REG
  Path Type: max

  Point                                       Fanout       Cap     Trans      Incr       Path
  ----------------------------------------------------------------------------------------------
  clock Int_clk (rise edge)                                                   0.00       0.00
  clock network delay (ideal)                                                 0.55       0.55
  memForWeight_1/ram1rw_4/ram/CLK (mem55lpw1024d16sp)               0.08      0.00       0.55 r
  memForWeight_1/ram1rw_4/ram/Q[0] (mem55lpw1024d16sp)              0.12      1.70       2.25 f
  memForWeight_1_Q[0] (net)                     1         0.03                0.00       2.25 f
  U2059/I1 (NAND2X6AR9)                                             0.12      0.01 *     2.25 f
  U2059/O (NAND2X6AR9)                                              0.06      0.06       2.31 r
  n1060 (net)                                   1         0.01                0.00       2.31 r
  U753/I1 (NAND2X8OAR9)                                             0.06      0.00 *     2.31 r
  U753/O (NAND2X8OAR9)                                              0.08      0.07       2.38 f
  n1480 (net)                                   2         0.05                0.00       2.38 f
  U4147/I (BUFX16AR9)                                               0.08      0.02 *     2.40 f
  U4147/O (BUFX16AR9)                                               0.05      0.11       2.51 f
  n4566 (net)                                   8         0.06                0.00       2.51 f
  U2111/I2 (CLKXNOR2X1AR9)                                          0.05      0.00 *     2.51 f
  U2111/O (CLKXNOR2X1AR9)                                           0.08      0.16       2.67 r
  n837 (net)                                    1         0.00                0.00       2.67 r
  U1135/I1 (NAND2X4AR9)                                             0.08      0.00 *     2.67 r
  U1135/O (NAND2X4AR9)                                              0.06      0.07       2.74 f
  n836 (net)                                    2         0.01                0.00       2.74 f
  U1605/I1 (NAND2X6AR9)                                             0.06      0.00 *     2.74 f
  U1605/O (NAND2X6AR9)                                              0.12      0.09       2.83 r
  n839 (net)                                    3         0.05                0.00       2.83 r
  U3634/I (CLKINVX6AR9)                                             0.12      0.02 *     2.85 r
  U3634/O (CLKINVX6AR9)                                             0.04      0.04       2.89 f
  n3924 (net)                                   1         0.00                0.00       2.89 f
  U3632/I1 (NAND2X4AR9)                                             0.04      0.00 *     2.89 f
  U3632/O (NAND2X4AR9)                                              0.05      0.04       2.92 r
  n3926 (net)                                   1         0.01                0.00       2.92 r
  U3633/I1 (NAND2X6AR9)                                             0.05      0.00 *     2.92 r
  U3633/O (NAND2X6AR9)                                              0.04      0.05       2.97 f
  n835 (net)                                    1         0.01                0.00       2.97 f
  U1318/I1 (NAND2X8OAR9)                                            0.04      0.00 *     2.97 f
  U1318/O (NAND2X8OAR9)                                             0.07      0.05       3.02 r
  n1765 (net)                                   5         0.02                0.00       3.02 r
  U2889/I1 (NAND2X2AR9)                                             0.07      0.00 *     3.02 r
  U2889/O (NAND2X2AR9)                                              0.05      0.05       3.08 f
  n2816 (net)                                   1         0.00                0.00       3.08 f
  U652/I2 (CLKNAND2X3AR9)                                           0.05      0.00 *     3.08 f
  U652/O (CLKNAND2X3AR9)                                            0.06      0.06       3.13 r
  n3393 (net)                                   1         0.00                0.00       3.13 r
  U644/I1 (NOR2X4OAR9)                                              0.06      0.00 *     3.13 r
  U644/O (NOR2X4OAR9)                                               0.04      0.04       3.17 f
  n3391 (net)                                   1         0.01                0.00       3.17 f
  U650/I (CLKINVX8AR9)                                              0.04      0.00 *     3.17 f
  U650/O (CLKINVX8AR9)                                              0.06      0.05       3.22 r
  n1792 (net)                                   4         0.03                0.00       3.22 r
  U2414/I2 (NAND2X3AR9)                                             0.06      0.01 *     3.23 r
  U2414/O (NAND2X3AR9)                                              0.05      0.05       3.28 f
  n1370 (net)                                   3         0.01                0.00       3.28 f
  U1471/I2 (CLKAND2X2AR9)                                           0.05      0.00 *     3.28 f
  U1471/O (CLKAND2X2AR9)                                            0.04      0.10       3.38 f
  n713 (net)                                    1         0.00                0.00       3.38 f
  U1468/I2 (NAND2X3AR9)                                             0.04      0.00 *     3.38 f
  U1468/O (NAND2X3AR9)                                              0.04      0.04       3.42 r
  n1082 (net)                                   2         0.01                0.00       3.42 r
  U3549/I2 (NAND2X2AR9)                                             0.04      0.00 *     3.42 r
  U3549/O (NAND2X2AR9)                                              0.04      0.05       3.47 f
  n3838 (net)                                   1         0.00                0.00       3.47 f
  U3551/I (INVX2AR9)                                                0.04      0.00 *     3.47 f
  U3551/O (INVX2AR9)                                                0.03      0.03       3.50 r
  n3839 (net)                                   1         0.00                0.00       3.50 r
  U3550/I1 (NAND2X2AR9)                                             0.03      0.00 *     3.50 r
  U3550/O (NAND2X2AR9)                                              0.05      0.05       3.55 f
  n474 (net)                                    1         0.00                0.00       3.55 f
  U3395/I2 (CLKNAND2X4AR9)                                          0.05      0.00 *     3.55 f
  U3395/O (CLKNAND2X4AR9)                                           0.08      0.07       3.62 r
  n4168 (net)                                   2         0.01                0.00       3.62 r
  U1928/I1 (NOR2X4OAR9)                                             0.08      0.00 *     3.62 r
  U1928/O (NOR2X4OAR9)                                              0.06      0.06       3.68 f
  n2014 (net)                                   3         0.02                0.00       3.68 f
  U374/I2 (NOR2X2OAR9)                                              0.06      0.00 *     3.68 f
  U374/O (NOR2X2OAR9)                                               0.05      0.06       3.74 r
  n193 (net)                                    1         0.00                0.00       3.74 r
  U687/I1 (NAND2X2OAR9)                                             0.05      0.00 *     3.74 r
  U687/O (NAND2X2OAR9)                                              0.04      0.04       3.78 f
  n799 (net)                                    1         0.00                0.00       3.78 f
  U1259/I1 (NOR2X4OAR9)                                             0.04      0.00 *     3.78 f
  U1259/O (NOR2X4OAR9)                                              0.07      0.06       3.84 r
  n1261 (net)                                   1         0.01                0.00       3.84 r
  U1455/I2 (NAND2X8AR9)                                             0.07      0.00 *     3.84 r
  U1455/O (NAND2X8AR9)                                              0.04      0.05       3.89 f
  n1267 (net)                                   1         0.01                0.00       3.89 f
  U1833/I1 (NAND2X8OAR9)                                            0.04      0.00 *     3.89 f
  U1833/O (NAND2X8OAR9)                                             0.10      0.07       3.96 r
  n1442 (net)                                   3         0.05                0.00       3.96 r
  U4300/I (CLKINVX8AR9)                                             0.11      0.02 *     3.98 r
  U4300/O (CLKINVX8AR9)                                             0.05      0.06       4.04 f
  n4932 (net)                                   2         0.03                0.00       4.04 f
  U4046/I1 (XNOR2X2AR9)                                             0.05      0.00 *     4.05 f
  U4046/O (XNOR2X2AR9)                                              0.06      0.17       4.22 r
  n2377 (net)                                   1         0.00                0.00       4.22 r
  U869/I1 (NAND2X2OAR9)                                             0.06      0.00 *     4.22 r
  U869/O (NAND2X2OAR9)                                              0.04      0.04       4.26 f
  n246 (net)                                    1         0.00                0.00       4.26 f
  U2908/A1 (OAI12B2X2AR9)                                           0.04      0.00 *     4.26 f
  U2908/O (OAI12B2X2AR9)                                            0.05      0.04       4.29 r
  n162 (net)                                    1         0.00                0.00       4.29 r
  partialSum_reg[20]/D (DFFRBQBX4J1AR9)                             0.05      0.00 *     4.29 r
  data arrival time                                                                      4.29

  clock Int_clk (rise edge)                                                   3.00       3.00
  clock network delay (ideal)                                                 0.55       3.55
  clock uncertainty                                                          -0.30       3.25
  partialSum_reg[20]/CK (DFFRBQBX4J1AR9)                                      0.00       3.25 r
  library setup time                                                         -0.01       3.24
  data required time                                                                     3.24
  ----------------------------------------------------------------------------------------------
  data required time                                                                     3.24
  data arrival time                                                                     -4.29
  ----------------------------------------------------------------------------------------------
  slack (VIOLATED)                                                                      -1.05


  Startpoint: memForAorB_0/ram1rw_4/ram
              (rising edge-triggered flip-flop clocked by Int_clk)
  Endpoint: result_payload[13]
            (output port clocked by Int_clk)
  Path Group: OUTPUTS
  Path Type: max

  Point                                       Fanout       Cap     Trans      Incr       Path
  ----------------------------------------------------------------------------------------------
  clock Int_clk (rise edge)                                                   0.00       0.00
  clock network delay (ideal)                                                 0.55       0.55
  memForAorB_0/ram1rw_4/ram/CLK (mem55lpw256d16sp)                  0.08      0.00       0.55 r
  memForAorB_0/ram1rw_4/ram/Q[13] (mem55lpw256d16sp)                0.06      1.20       1.75 r
  memForAorB_0_Q[13] (net)                      1         0.01                0.00       1.75 r
  U3808/I (BUFX12AR9)                                               0.06      0.00 *     1.76 r
  U3808/O (BUFX12AR9)                                               0.06      0.09       1.84 r
  n4118 (net)                                   2         0.04                0.00       1.84 r
  U2964/I (CLKINVX16AR9)                                            0.06      0.01 *     1.86 r
  U2964/O (CLKINVX16AR9)                                            0.05      0.05       1.91 f
  n2883 (net)                                   1         0.05                0.00       1.91 f
  U1970/I1 (NOR2X8IAR9)                                             0.05      0.02 *     1.93 f
  U1970/O (NOR2X8IAR9)                                              0.12      0.09       2.02 r
  result_payload[13] (net)                      1         0.03                0.00       2.02 r
  result_payload[13] (out)                                          0.12      0.00 *     2.03 r
  data arrival time                                                                      2.03

  clock Int_clk (rise edge)                                                   3.00       3.00
  clock network delay (ideal)                                                 0.55       3.55
  clock uncertainty                                                          -0.30       3.25
  output external delay                                                      -1.80       1.45
  data required time                                                                     1.45
  ----------------------------------------------------------------------------------------------
  data required time                                                                     1.45
  data arrival time                                                                     -2.03
  ----------------------------------------------------------------------------------------------
  slack (VIOLATED)                                                                      -0.58


  Startpoint: memForAorB_0/ram1rw_4/ram
              (rising edge-triggered flip-flop clocked by Int_clk)
  Endpoint: result_payload[9]
            (output port clocked by Int_clk)
  Path Group: OUTPUTS
  Path Type: max

  Point                                       Fanout       Cap     Trans      Incr       Path
  ----------------------------------------------------------------------------------------------
  clock Int_clk (rise edge)                                                   0.00       0.00
  clock network delay (ideal)                                                 0.55       0.55
  memForAorB_0/ram1rw_4/ram/CLK (mem55lpw256d16sp)                  0.08      0.00       0.55 r
  memForAorB_0/ram1rw_4/ram/Q[9] (mem55lpw256d16sp)                 0.06      1.24       1.79 f
  memForAorB_0_Q[9] (net)                       1         0.01                0.00       1.79 f
  U17/I (CLKINVX8AR9)                                               0.06      0.00 *     1.79 f
  U17/O (CLKINVX8AR9)                                               0.07      0.06       1.85 r
  n5029 (net)                                   1         0.04                0.00       1.85 r
  U3122/I (INVX16AR9)                                               0.07      0.01 *     1.86 r
  U3122/O (INVX16AR9)                                               0.05      0.05       1.91 f
  n3039 (net)                                   2         0.07                0.00       1.91 f
  U1927/I (CLKINVX12AR9)                                            0.07      0.03 *     1.95 f
  U1927/O (CLKINVX12AR9)                                            0.03      0.03       1.98 r
  n5157 (net)                                   1         0.01                0.00       1.98 r
  U2274/I1 (NOR2X8OAR9)                                             0.03      0.00 *     1.98 r
  U2274/O (NOR2X8OAR9)                                              0.06      0.04       2.02 f
  result_payload[9] (net)                       1         0.04                0.00       2.02 f
  result_payload[9] (out)                                           0.06      0.00 *     2.02 f
  data arrival time                                                                      2.02

  clock Int_clk (rise edge)                                                   3.00       3.00
  clock network delay (ideal)                                                 0.55       3.55
  clock uncertainty                                                          -0.30       3.25
  output external delay                                                      -1.80       1.45
  data required time                                                                     1.45
  ----------------------------------------------------------------------------------------------
  data required time                                                                     1.45
  data arrival time                                                                     -2.02
  ----------------------------------------------------------------------------------------------
  slack (VIOLATED)                                                                      -0.57


  Startpoint: fsm_stateReg_reg[3]
              (rising edge-triggered flip-flop clocked by Int_clk)
  Endpoint: memForAorB_1/ram1rw_4/ram
            (rising edge-triggered flip-flop clocked by Int_clk)
  Path Group: REG2MEM
  Path Type: max

  Point                                       Fanout       Cap     Trans      Incr       Path
  ----------------------------------------------------------------------------------------------
  clock Int_clk (rise edge)                                                   0.00       0.00
  clock network delay (ideal)                                                 0.55       0.55
  fsm_stateReg_reg[3]/CK (DFFRBQX4K1AR9)                            0.08      0.00       0.55 r
  fsm_stateReg_reg[3]/Q (DFFRBQX4K1AR9)                             0.08      0.20       0.75 f
  fsm_stateReg[3] (net)                         8         0.02                0.00       0.75 f
  U1059/I (CLKINVX4AR9)                                             0.08      0.00 *     0.76 f
  U1059/O (CLKINVX4AR9)                                             0.08      0.07       0.83 r
  n2144 (net)                                   6         0.02                0.00       0.83 r
  U1154/I1 (NAND2X05AR9)                                            0.08      0.00 *     0.83 r
  U1154/O (NAND2X05AR9)                                             0.17      0.14       0.96 f
  n2359 (net)                                   2         0.01                0.00       0.96 f
  U1053/I1 (CLKNOR2X3AR9)                                           0.17      0.00 *     0.96 f
  U1053/O (CLKNOR2X3AR9)                                            0.08      0.08       1.04 r
  n2405 (net)                                   2         0.01                0.00       1.04 r
  U3348/I (BUFX4AR9)                                                0.08      0.00 *     1.04 r
  U3348/O (BUFX4AR9)                                                0.12      0.12       1.17 r
  n3281 (net)                                   5         0.04                0.00       1.17 r
  U3510/I (BUFX2AR9)                                                0.12      0.01 *     1.17 r
  U3510/O (BUFX2AR9)                                                0.15      0.15       1.32 r
  n3803 (net)                                   4         0.02                0.00       1.32 r
  U2714/I2 (AND3X3AR9)                                              0.15      0.00 *     1.33 r
  U2714/O (AND3X3AR9)                                               0.21      0.28       1.61 r
  n3516 (net)                                   2         0.05                0.00       1.61 r
  U1042/I (INVX4AR9)                                                0.21      0.01 *     1.61 r
  U1042/O (INVX4AR9)                                                0.09      0.10       1.71 f
  n2410 (net)                                   7         0.02                0.00       1.71 f
  U2604/I1 (NAND2X4AR9)                                             0.09      0.00 *     1.71 f
  U2604/O (NAND2X4AR9)                                              0.15      0.11       1.82 r
  memForAorB_1_ME (net)                         2         0.04                0.00       1.82 r
  memForAorB_1/ram1rw_4/ram/ME (mem55lpw256d16sp)                   0.15      0.01 *     1.83 r
  data arrival time                                                                      1.83

  clock Int_clk (rise edge)                                                   3.00       3.00
  clock network delay (ideal)                                                 0.55       3.55
  clock uncertainty                                                          -0.30       3.25
  memForAorB_1/ram1rw_4/ram/CLK (mem55lpw256d16sp)                            0.00       3.25 r
  library setup time                                                         -1.42       1.83
  data required time                                                                     1.83
  ----------------------------------------------------------------------------------------------
  data required time                                                                     1.83
  data arrival time                                                                     -1.83
  ----------------------------------------------------------------------------------------------
  slack (MET)                                                                            0.00


  Startpoint: fsm_stateReg_reg[2]
              (rising edge-triggered flip-flop clocked by Int_clk)
  Endpoint: memForAorB_1/ram1rw_4/ram
            (rising edge-triggered flip-flop clocked by Int_clk)
  Path Group: REG2MEM
  Path Type: max

  Point                                       Fanout       Cap     Trans      Incr       Path
  ----------------------------------------------------------------------------------------------
  clock Int_clk (rise edge)                                                   0.00       0.00
  clock network delay (ideal)                                                 0.55       0.55
  fsm_stateReg_reg[2]/CK (DFFRBQX4K1AR9)                            0.08      0.00       0.55 r
  fsm_stateReg_reg[2]/Q (DFFRBQX4K1AR9)                             0.13      0.26       0.81 r
  fsm_stateReg[2] (net)                        11         0.04                0.00       0.81 r
  U1154/I2 (NAND2X05AR9)                                            0.13      0.00 *     0.81 r
  U1154/O (NAND2X05AR9)                                             0.17      0.15       0.96 f
  n2359 (net)                                   2         0.01                0.00       0.96 f
  U1053/I1 (CLKNOR2X3AR9)                                           0.17      0.00 *     0.96 f
  U1053/O (CLKNOR2X3AR9)                                            0.08      0.08       1.04 r
  n2405 (net)                                   2         0.01                0.00       1.04 r
  U3348/I (BUFX4AR9)                                                0.08      0.00 *     1.04 r
  U3348/O (BUFX4AR9)                                                0.12      0.12       1.16 r
  n3281 (net)                                   5         0.04                0.00       1.16 r
  U3510/I (BUFX2AR9)                                                0.12      0.01 *     1.17 r
  U3510/O (BUFX2AR9)                                                0.15      0.15       1.32 r
  n3803 (net)                                   4         0.02                0.00       1.32 r
  U2714/I2 (AND3X3AR9)                                              0.15      0.00 *     1.33 r
  U2714/O (AND3X3AR9)                                               0.21      0.28       1.60 r
  n3516 (net)                                   2         0.05                0.00       1.60 r
  U1042/I (INVX4AR9)                                                0.21      0.01 *     1.61 r
  U1042/O (INVX4AR9)                                                0.09      0.10       1.71 f
  n2410 (net)                                   7         0.02                0.00       1.71 f
  U2604/I1 (NAND2X4AR9)                                             0.09      0.00 *     1.71 f
  U2604/O (NAND2X4AR9)                                              0.15      0.11       1.82 r
  memForAorB_1_ME (net)                         2         0.04                0.00       1.82 r
  memForAorB_1/ram1rw_4/ram/ME (mem55lpw256d16sp)                   0.15      0.01 *     1.83 r
  data arrival time                                                                      1.83

  clock Int_clk (rise edge)                                                   3.00       3.00
  clock network delay (ideal)                                                 0.55       3.55
  clock uncertainty                                                          -0.30       3.25
  memForAorB_1/ram1rw_4/ram/CLK (mem55lpw256d16sp)                            0.00       3.25 r
  library setup time                                                         -1.42       1.83
  data required time                                                                     1.83
  ----------------------------------------------------------------------------------------------
  data required time                                                                     1.83
  data arrival time                                                                     -1.83
  ----------------------------------------------------------------------------------------------
  slack (MET)                                                                            0.00


  Startpoint: fsm_cntLayers_value_reg[0]
              (rising edge-triggered flip-flop clocked by Int_clk)
  Endpoint: partialSum_reg[32]
            (rising edge-triggered flip-flop clocked by Int_clk)
  Path Group: REG2REG
  Path Type: max

  Point                                       Fanout       Cap     Trans      Incr       Path
  ----------------------------------------------------------------------------------------------
  clock Int_clk (rise edge)                                                   0.00       0.00
  clock network delay (ideal)                                                 0.55       0.55
  fsm_cntLayers_value_reg[0]/CK (DFFRBQBX4K1AR9)                    0.08      0.00       0.55 r
  fsm_cntLayers_value_reg[0]/QB (DFFRBQBX4K1AR9)                    0.05      0.17       0.72 r
  n23 (net)                                     1         0.01                0.00       0.72 r
  U10/I (CLKINVX8AR9)                                               0.05      0.00 *     0.72 r
  U10/O (CLKINVX8AR9)                                               0.04      0.05       0.77 f
  n24 (net)                                     3         0.03                0.00       0.77 f
  U2480/I (CLKINVX6AR9)                                             0.04      0.00 *     0.78 f
  U2480/O (CLKINVX6AR9)                                             0.05      0.05       0.83 r
  n2627 (net)                                   2         0.02                0.00       0.83 r
  U3794/I (INVX12AR9)                                               0.05      0.00 *     0.83 r
  U3794/O (INVX12AR9)                                               0.03      0.04       0.86 f
  n2630 (net)                                   2         0.02                0.00       0.86 f
  U591/I (INVX8AR9)                                                 0.03      0.00 *     0.87 f
  U591/O (INVX8AR9)                                                 0.08      0.06       0.92 r
  n4105 (net)                                   7         0.04                0.00       0.92 r
  U1434/I1 (NAND2X4AR9)                                             0.08      0.00 *     0.93 r
  U1434/O (NAND2X4AR9)                                              0.09      0.08       1.01 f
  n1437 (net)                                   2         0.02                0.00       1.01 f
  U1553/I2 (NAND2X6AR9)                                             0.09      0.00 *     1.01 f
  U1553/O (NAND2X6AR9)                                              0.07      0.07       1.08 r
  n4294 (net)                                   4         0.02                0.00       1.08 r
  U3176/I (BUFX12AR9)                                               0.07      0.00 *     1.09 r
  U3176/O (BUFX12AR9)                                               0.07      0.10       1.19 r
  n3217 (net)                                   9         0.06                0.00       1.19 r
  U3313/I (BUFX12AR9)                                               0.07      0.01 *     1.20 r
  U3313/O (BUFX12AR9)                                               0.05      0.09       1.29 r
  n3216 (net)                                   7         0.03                0.00       1.29 r
  U477/I2 (NAND2X1AR9)                                              0.05      0.01 *     1.29 r
  U477/O (NAND2X1AR9)                                               0.05      0.05       1.34 f
  n1235 (net)                                   1         0.00                0.00       1.34 f
  U2498/I2 (CLKAND2X2AR9)                                           0.05      0.00 *     1.34 f
  U2498/O (CLKAND2X2AR9)                                            0.06      0.11       1.45 f
  n3495 (net)                                   1         0.01                0.00       1.45 f
  U2763/I1 (NAND2X6AR9)                                             0.06      0.00 *     1.45 f
  U2763/O (NAND2X6AR9)                                              0.10      0.07       1.53 r
  n1530 (net)                                   2         0.03                0.00       1.53 r
  U1389/I (CLKINVX4AR9)                                             0.10      0.01 *     1.54 r
  U1389/O (CLKINVX4AR9)                                             0.04      0.05       1.58 f
  n1045 (net)                                   1         0.01                0.00       1.58 f
  U621/I1 (CLKNAND2X6AR9)                                           0.04      0.00 *     1.58 f
  U621/O (CLKNAND2X6AR9)                                            0.06      0.05       1.63 r
  n1044 (net)                                   1         0.01                0.00       1.63 r
  U1359/I1 (NAND2X6AR9)                                             0.06      0.00 *     1.63 r
  U1359/O (NAND2X6AR9)                                              0.10      0.08       1.71 f
  n1043 (net)                                   3         0.03                0.00       1.71 f
  U2202/I2 (XNOR2X2AR9)                                             0.10      0.01 *     1.72 f
  U2202/O (XNOR2X2AR9)                                              0.08      0.20       1.92 f
  n1901 (net)                                   3         0.01                0.00       1.92 f
  U2113/I (CLKINVX2AR9)                                             0.08      0.00 *     1.92 f
  U2113/O (CLKINVX2AR9)                                             0.04      0.04       1.96 r
  n4013 (net)                                   1         0.00                0.00       1.96 r
  U3722/I2 (NAND2X2AR9)                                             0.04      0.00 *     1.96 r
  U3722/O (NAND2X2AR9)                                              0.05      0.05       2.01 f
  n4015 (net)                                   1         0.00                0.00       2.01 f
  U3723/I2 (NAND2X2AR9)                                             0.05      0.00 *     2.01 f
  U3723/O (NAND2X2AR9)                                              0.06      0.05       2.07 r
  n547 (net)                                    2         0.01                0.00       2.07 r
  U2239/I2 (CLKXNOR2X2AR9)                                          0.06      0.00 *     2.07 r
  U2239/O (CLKXNOR2X2AR9)                                           0.11      0.21       2.28 f
  n2605 (net)                                   3         0.01                0.00       2.28 f
  U3144/I2 (NAND2X2AR9)                                             0.11      0.00 *     2.28 f
  U3144/O (NAND2X2AR9)                                              0.06      0.07       2.35 r
  n3064 (net)                                   1         0.01                0.00       2.35 r
  U3146/I2 (NAND3X4AR9)                                             0.06      0.00 *     2.35 r
  U3146/O (NAND3X4AR9)                                              0.06      0.07       2.42 f
  n1918 (net)                                   1         0.00                0.00       2.42 f
  U3737/I (CLKINVX4AR9)                                             0.06      0.00 *     2.42 f
  U3737/O (CLKINVX4AR9)                                             0.05      0.05       2.47 r
  n4298 (net)                                   2         0.01                0.00       2.47 r
  U3961/I1 (NAND3X3AR9)                                             0.05      0.00 *     2.47 r
  U3961/O (NAND3X3AR9)                                              0.08      0.07       2.54 f
  n4299 (net)                                   1         0.00                0.00       2.54 f
  U3962/I (CLKINVX4AR9)                                             0.08      0.00 *     2.54 f
  U3962/O (CLKINVX4AR9)                                             0.06      0.06       2.60 r
  n1986 (net)                                   3         0.01                0.00       2.60 r
  U884/I1 (NOR2X4AR9)                                               0.06      0.00 *     2.60 r
  U884/O (NOR2X4AR9)                                                0.05      0.05       2.64 f
  n794 (net)                                    2         0.01                0.00       2.64 f
  U2060/B2 (AOI12X4AR9)                                             0.05      0.00 *     2.64 f
  U2060/O (AOI12X4AR9)                                              0.09      0.09       2.73 r
  n793 (net)                                    1         0.01                0.00       2.73 r
  U983/A1 (OAI12X4IAR9)                                             0.09      0.00 *     2.74 r
  U983/O (OAI12X4IAR9)                                              0.05      0.07       2.80 f
  n4616 (net)                                   1         0.01                0.00       2.80 f
  U239/I (CLKINVX8AR9)                                              0.05      0.00 *     2.80 f
  U239/O (CLKINVX8AR9)                                              0.04      0.04       2.85 r
  n4224 (net)                                   1         0.02                0.00       2.85 r
  U2888/I2 (NAND2X6AR9)                                             0.04      0.00 *     2.85 r
  U2888/O (NAND2X6AR9)                                              0.06      0.05       2.90 f
  n3546 (net)                                   1         0.01                0.00       2.90 f
  U2879/I (INVX12AR9)                                               0.06      0.00 *     2.90 f
  U2879/O (INVX12AR9)                                               0.07      0.06       2.97 r
  n2112 (net)                                   8         0.06                0.00       2.97 r
  U617/B1 (OAI12X4IAR9)                                             0.08      0.02 *     2.98 r
  U617/O (OAI12X4IAR9)                                              0.06      0.05       3.03 f
  n558 (net)                                    1         0.00                0.00       3.03 f
  U369/I (CLKINVX2AR9)                                              0.06      0.00 *     3.03 f
  U369/O (CLKINVX2AR9)                                              0.05      0.05       3.08 r
  n5134 (net)                                   1         0.01                0.00       3.08 r
  U324/I2 (NAND2X4AR9)                                              0.05      0.00 *     3.08 r
  U324/O (NAND2X4AR9)                                               0.05      0.05       3.13 f
  n5133 (net)                                   2         0.01                0.00       3.13 f
  U350/I (CLKINVX3AR9)                                              0.05      0.00 *     3.13 f
  U350/O (CLKINVX3AR9)                                              0.03      0.03       3.16 r
  n2083 (net)                                   1         0.00                0.00       3.16 r
  U3266/I1 (NAND2X2OAR9)                                            0.03      0.00 *     3.16 r
  U3266/O (NAND2X2OAR9)                                             0.03      0.03       3.20 f
  n301 (net)                                    1         0.00                0.00       3.20 f
  U611/I1 (NAND2X2AR9)                                              0.03      0.00 *     3.20 f
  U611/O (NAND2X2AR9)                                               0.05      0.04       3.24 r
  n220 (net)                                    1         0.01                0.00       3.24 r
  U797/B1 (OAI12X4IAR9)                                             0.05      0.00 *     3.24 r
  U797/O (OAI12X4IAR9)                                              0.04      0.04       3.28 f
  n174 (net)                                    1         0.00                0.00       3.28 f
  partialSum_reg[32]/D (DFFRBQX8J1AR9)                              0.04      0.00 *     3.28 f
  data arrival time                                                                      3.28

  clock Int_clk (rise edge)                                                   3.00       3.00
  clock network delay (ideal)                                                 0.55       3.55
  clock uncertainty                                                          -0.30       3.25
  partialSum_reg[32]/CK (DFFRBQX8J1AR9)                                       0.00       3.25 r
  library setup time                                                          0.04       3.29
  data required time                                                                     3.29
  ----------------------------------------------------------------------------------------------
  data required time                                                                     3.29
  data arrival time                                                                     -3.28
  ----------------------------------------------------------------------------------------------
  slack (MET)                                                                            0.01


  Startpoint: fsm_cntLayers_value_reg[0]
              (rising edge-triggered flip-flop clocked by Int_clk)
  Endpoint: partialSum_reg[20]
            (rising edge-triggered flip-flop clocked by Int_clk)
  Path Group: REG2REG
  Path Type: max

  Point                                       Fanout       Cap     Trans      Incr       Path
  ----------------------------------------------------------------------------------------------
  clock Int_clk (rise edge)                                                   0.00       0.00
  clock network delay (ideal)                                                 0.55       0.55
  fsm_cntLayers_value_reg[0]/CK (DFFRBQBX4K1AR9)                    0.08      0.00       0.55 r
  fsm_cntLayers_value_reg[0]/QB (DFFRBQBX4K1AR9)                    0.06      0.17       0.72 f
  n23 (net)                                     1         0.01                0.00       0.72 f
  U10/I (CLKINVX8AR9)                                               0.06      0.00 *     0.72 f
  U10/O (CLKINVX8AR9)                                               0.06      0.05       0.78 r
  n24 (net)                                     3         0.03                0.00       0.78 r
  U2481/I (BUFX12AR9)                                               0.06      0.00 *     0.78 r
  U2481/O (BUFX12AR9)                                               0.05      0.08       0.87 r
  n2628 (net)                                   2         0.04                0.00       0.87 r
  U3941/I (BUFX12AR9)                                               0.05      0.01 *     0.88 r
  U3941/O (BUFX12AR9)                                               0.04      0.08       0.95 r
  n4271 (net)                                   6         0.03                0.00       0.95 r
  U1251/I2 (NAND2X4IAR9)                                            0.04      0.00 *     0.96 r
  U1251/O (NAND2X4IAR9)                                             0.07      0.06       1.01 f
  n830 (net)                                    1         0.01                0.00       1.01 f
  U1052/I1 (NAND2X8OAR9)                                            0.07      0.00 *     1.01 f
  U1052/O (NAND2X8OAR9)                                             0.07      0.06       1.08 r
  n859 (net)                                    3         0.03                0.00       1.08 r
  U2747/I (BUFX12AR9)                                               0.07      0.01 *     1.08 r
  U2747/O (BUFX12AR9)                                               0.08      0.10       1.18 r
  n3221 (net)                                   6         0.06                0.00       1.18 r
  U4314/I (INVX8AR9)                                                0.08      0.02 *     1.20 r
  U4314/O (INVX8AR9)                                                0.05      0.06       1.26 f
  n4949 (net)                                   7         0.04                0.00       1.26 f
  U676/I2 (NAND2X2OAR9)                                             0.05      0.00 *     1.26 f
  U676/O (NAND2X2OAR9)                                              0.05      0.06       1.32 r
  n404 (net)                                    1         0.00                0.00       1.32 r
  U648/I2 (NAND2X2AR9)                                              0.05      0.00 *     1.32 r
  U648/O (NAND2X2AR9)                                               0.06      0.05       1.37 f
  n197 (net)                                    1         0.00                0.00       1.37 f
  U674/I2 (NAND2X3AR9)                                              0.06      0.00 *     1.37 f
  U674/O (NAND2X3AR9)                                               0.05      0.05       1.42 r
  n414 (net)                                    2         0.01                0.00       1.42 r
  U1803/I1 (CLKNAND2X2AR9)                                          0.05      0.00 *     1.42 r
  U1803/O (CLKNAND2X2AR9)                                           0.09      0.07       1.49 f
  n1666 (net)                                   1         0.01                0.00       1.49 f
  U3119/B1 (OAI22X3AR9)                                             0.09      0.00 *     1.49 f
  U3119/O (OAI22X3AR9)                                              0.12      0.10       1.59 r
  n4057 (net)                                   1         0.00                0.00       1.59 r
  U1755/I (INVX4AR9)                                                0.12      0.00 *     1.59 r
  U1755/O (INVX4AR9)                                                0.06      0.07       1.66 f
  n4756 (net)                                   1         0.02                0.00       1.66 f
  U3750/I (CLKINVX12AR9)                                            0.06      0.00 *     1.67 f
  U3750/O (CLKINVX12AR9)                                            0.06      0.06       1.72 r
  n1659 (net)                                   5         0.04                0.00       1.72 r
  U3405/I (CLKINVX3AR9)                                             0.06      0.01 *     1.73 r
  U3405/O (CLKINVX3AR9)                                             0.03      0.04       1.77 f
  n4371 (net)                                   2         0.01                0.00       1.77 f
  U4019/I1 (NAND3X1AR9)                                             0.03      0.00 *     1.77 f
  U4019/O (NAND3X1AR9)                                              0.09      0.06       1.83 r
  n4374 (net)                                   1         0.00                0.00       1.83 r
  U192/I2 (NAND4X3AR9)                                              0.09      0.00 *     1.83 r
  U192/O (NAND4X3AR9)                                               0.13      0.12       1.94 f
  n4743 (net)                                   2         0.01                0.00       1.94 f
  U121/I (CLKINVX4AR9)                                              0.13      0.00 *     1.94 f
  U121/O (CLKINVX4AR9)                                              0.06      0.07       2.01 r
  n46 (net)                                     2         0.01                0.00       2.01 r
  U118/I2 (CLKNAND2X4AR9)                                           0.06      0.00 *     2.01 r
  U118/O (CLKNAND2X4AR9)                                            0.03      0.04       2.05 f
  n48 (net)                                     1         0.00                0.00       2.05 f
  U119/I2 (NAND2X3AR9)                                              0.03      0.00 *     2.05 f
  U119/O (NAND2X3AR9)                                               0.04      0.04       2.09 r
  n401 (net)                                    2         0.01                0.00       2.09 r
  U2840/I (CLKINVX2AR9)                                             0.04      0.00 *     2.09 r
  U2840/O (CLKINVX2AR9)                                             0.03      0.04       2.13 f
  n2771 (net)                                   1         0.00                0.00       2.13 f
  U141/I2 (NAND2X4AR9)                                              0.03      0.00 *     2.13 f
  U141/O (NAND2X4AR9)                                               0.04      0.04       2.17 r
  n2773 (net)                                   2         0.01                0.00       2.17 r
  U140/I2 (NAND2X3AR9)                                              0.04      0.00 *     2.17 r
  U140/O (NAND2X3AR9)                                               0.05      0.05       2.22 f
  n63 (net)                                     2         0.01                0.00       2.22 f
  U3012/I (INVX2AR9)                                                0.05      0.00 *     2.22 f
  U3012/O (INVX2AR9)                                                0.05      0.05       2.27 r
  n2931 (net)                                   1         0.01                0.00       2.27 r
  U3010/I2 (NAND2X4AR9)                                             0.05      0.00 *     2.27 r
  U3010/O (NAND2X4AR9)                                              0.04      0.05       2.32 f
  n2933 (net)                                   1         0.01                0.00       2.32 f
  U633/I2 (NAND2X3AR9)                                              0.04      0.00 *     2.32 f
  U633/O (NAND2X3AR9)                                               0.05      0.05       2.37 r
  n4598 (net)                                   3         0.01                0.00       2.37 r
  U961/I1 (CLKOR2X2AR9)                                             0.05      0.00 *     2.37 r
  U961/O (CLKOR2X2AR9)                                              0.06      0.10       2.47 r
  n3993 (net)                                   2         0.01                0.00       2.47 r
  U2873/I2 (NAND2X4AR9)                                             0.06      0.00 *     2.47 r
  U2873/O (NAND2X4AR9)                                              0.04      0.05       2.51 f
  n2801 (net)                                   1         0.01                0.00       2.51 f
  U113/I1 (NAND2X4OAR9)                                             0.04      0.00 *     2.51 f
  U113/O (NAND2X4OAR9)                                              0.07      0.05       2.56 r
  n409 (net)                                    2         0.01                0.00       2.56 r
  U3227/I2 (NOR2X4OAR9)                                             0.07      0.00 *     2.56 r
  U3227/O (NOR2X4OAR9)                                              0.05      0.05       2.62 f
  n2348 (net)                                   1         0.01                0.00       2.62 f
  U1795/B1 (OAI12X4IAR9)                                            0.05      0.00 *     2.62 f
  U1795/O (OAI12X4IAR9)                                             0.08      0.07       2.68 r
  n2386 (net)                                   2         0.01                0.00       2.68 r
  U871/I1 (NAND2X6AR9)                                              0.08      0.00 *     2.69 r
  U871/O (NAND2X6AR9)                                               0.05      0.06       2.74 f
  n1339 (net)                                   2         0.01                0.00       2.74 f
  U3943/I1 (NAND2X8AR9)                                             0.05      0.00 *     2.74 f
  U3943/O (NAND2X8AR9)                                              0.04      0.04       2.79 r
  n4273 (net)                                   1         0.01                0.00       2.79 r
  U1455/I1 (NAND2X8AR9)                                             0.04      0.00 *     2.79 r
  U1455/O (NAND2X8AR9)                                              0.04      0.04       2.83 f
  n1267 (net)                                   1         0.01                0.00       2.83 f
  U1833/I1 (NAND2X8OAR9)                                            0.04      0.00 *     2.83 f
  U1833/O (NAND2X8OAR9)                                             0.10      0.07       2.90 r
  n1442 (net)                                   3         0.05                0.00       2.90 r
  U4300/I (CLKINVX8AR9)                                             0.11      0.02 *     2.92 r
  U4300/O (CLKINVX8AR9)                                             0.05      0.06       2.98 f
  n4932 (net)                                   2         0.03                0.00       2.98 f
  U4046/I1 (XNOR2X2AR9)                                             0.05      0.00 *     2.99 f
  U4046/O (XNOR2X2AR9)                                              0.06      0.17       3.16 r
  n2377 (net)                                   1         0.00                0.00       3.16 r
  U869/I1 (NAND2X2OAR9)                                             0.06      0.00 *     3.16 r
  U869/O (NAND2X2OAR9)                                              0.04      0.04       3.20 f
  n246 (net)                                    1         0.00                0.00       3.20 f
  U2908/A1 (OAI12B2X2AR9)                                           0.04      0.00 *     3.20 f
  U2908/O (OAI12B2X2AR9)                                            0.05      0.04       3.23 r
  n162 (net)                                    1         0.00                0.00       3.23 r
  partialSum_reg[20]/D (DFFRBQBX4J1AR9)                             0.05      0.00 *     3.23 r
  data arrival time                                                                      3.23

  clock Int_clk (rise edge)                                                   3.00       3.00
  clock network delay (ideal)                                                 0.55       3.55
  clock uncertainty                                                          -0.30       3.25
  partialSum_reg[20]/CK (DFFRBQBX4J1AR9)                                      0.00       3.25 r
  library setup time                                                         -0.01       3.24
  data required time                                                                     3.24
  ----------------------------------------------------------------------------------------------
  data required time                                                                     3.24
  data arrival time                                                                     -3.23
  ----------------------------------------------------------------------------------------------
  slack (MET)                                                                            0.01


1
